h264ref.bc true sparse
BITCODE:h264ref.bc
SEAHORN_DIR=/home/jkudersk/projects/build-seahorn/release/run/bin
PWD=/home/jkudersk/projects/points-to-bitcode/5.0/spec2k6
PTA=sparse


/home/jkudersk/projects/build-seahorn/release/run/bin/seaopt h264ref.bc -O1 -o ./temps/h264ref.n.bc

File already exists, skipping seaopt invocation
/home/jkudersk/projects/build-seahorn/release/run/bin/seapp ./temps/h264ref.n.bc -o ./temps/h264ref.n.pp.bc --lower-invoke --devirt-functions --unfold-loops-for-dsa=false --simplify-pointer-loops --horn-inline-constructors --horn-inline-allocators --log=extern.off --kill-vaarg=true --externalize-addr-taken-funcs=true --promote-bool-loads=true --lower-switch=false --externalize-function=.*AFA6string.*,_ZN3AFAplERKNS_6stringES2_,_ZN3AFAplEPKcRKNS_6stringE,_ZN3AFAplERKNS_6stringEPKc,_Z18to_standard_stringN3AFA6stringE,.*AFA3map.*,.*MDL_Tree.*,_Z14Initialize_Mapv,_ZN6google8protobuf*,_ZN5boost4asio6detail1*,_ZN5beast* --promote-assumptions=false --instnamer --strip-debug --verify-after-all=true --sea-verifier-noop --log=debug-verifier

File exists, skipping seapp invocation

runsolver --rss-swap-limit 64000 -W 3600 taskset -c 10 /home/jkudersk/projects/build-seahorn/release/run/bin/seapp ./temps/h264ref.n.pp.bc -o ./temps/h264ref.n.pp.smc.bc --smc --sea-dsa-type-aware=true --smc-analyze-only --smc-check-threshold=400 --sea-dsa=butd-cs --smc-pta=sparse --print-smc-summary --log=brunch --log=brunch-progress --log=dsa-progress.off --log=smc.off --log=dsa.off --log=alloc-sites.off

runsolver version 3.4.0 (svn: 3018) Copyright (C) 2010-2013 Olivier ROUSSEL

This program is distributed in the hope that it will be useful,
but WITHOUT ANY WARRANTY; without even the implied warranty of
MERCHANTABILITY or FITNESS FOR A PARTICULAR PURPOSE.  See the
GNU General Public License for more details.

NUMA information:
  number of nodes: 2
  memory of node 0: 64409 MiB (52912 MiB free)
  memory of node 1: 64486 MiB (54033 MiB free)
  node distances:
     10  21
     21  10

command line: runsolver --rss-swap-limit 64000 -W 3600 taskset -c 10 /home/jkudersk/projects/build-seahorn/release/run/bin/seapp ./temps/h264ref.n.pp.bc -o ./temps/h264ref.n.pp.smc.bc --smc --sea-dsa-type-aware=true --smc-analyze-only --smc-check-threshold=400 --sea-dsa=butd-cs --smc-pta=sparse --print-smc-summary --log=brunch --log=brunch-progress --log=dsa-progress.off --log=smc.off --log=dsa.off --log=alloc-sites.off 

running on 36 cores: 0-9,20-29,10-19,30-31,36-39

Enforcing wall clock limit (soft limit, will send SIGTERM then SIGKILL): 3600 seconds
Enforcing RSS+Swap limit (soft limit, will send SIGTERM then SIGKILL): 65536000 KiB
Linux 4.15.0-43-generic
Current StackSize limit: 8192 KiB

solver pid=6212, runsolver pid=6211

[startup+0.100066 s]*
/proc/loadavg: 1.06 1.09 1.05 2/900 6213
/proc/meminfo: memFree=109478032/131989204 swapFree=244096144/244398076
[pid=6212] ppid=6211 vsize=86144 memory=52600 CPUtime=0.1 cores=10
/proc/6212/stat : 6212 (seapp) R 6211 6212 20134 34834 25294 4194304 12370 0 0 0 8 2 0 0 20 0 1 0 372694023 88211456 13150 18446744073709551615 4194304 21443392 140722141511072 0 0 0 0 0 1098931967 0 0 0 17 10 0 0 0 0 0 21451008 21699880 25948160 140722141516468 140722141516823 140722141516823 140722141519804 0
/proc/6212/statm: 21536 13150 3358 4212 0 9896 0
Current children cumulated CPU time: 0.1 s
Current children cumulated vsize: 86144 KiB
Current children cumulated memory: 52600 KiB
Sea Allocators:
	_fopen
	FastLine16Y_11.stub
	FastLineX.stub
	UMVLine16Y_11.stub
	UMVLineX.stub
	Znaj
	ZnajRKSt9nothrow_t
	Znam
	ZnamRKSt9nothrow_t
	Znwj
	ZnwjRKSt9nothrow_t
	Znwm
	ZnwmRKSt9nothrow_t
	__memcpy_chk
	__memset_chk
	__strncat_chk
	__strncpy_chk
	calloc
	localtime
	malloc
	verifier.nondet.10
	verifier.nondet.12
	verifier.nondet.5
Warning: Running SVF PTA!
BRUNCH_STAT PTA_KIND SVF_Sparse

[startup+0.222363 s]*
/proc/loadavg: 1.06 1.09 1.05 2/900 6213
/proc/meminfo: memFree=109446668/131989204 swapFree=244096144/244398076
[pid=6212] ppid=6211 vsize=129924 memory=98992 CPUtime=0.23 cores=10
/proc/6212/stat : 6212 (seapp) R 6211 6212 20134 34834 25294 4194304 24006 0 0 0 19 4 0 0 20 0 1 0 372694023 133042176 24667 18446744073709551615 4194304 21443392 140722141511072 0 0 0 0 0 1098931967 0 0 0 17 10 0 0 0 0 0 21451008 21699880 25948160 140722141516468 140722141516823 140722141516823 140722141519804 0
/proc/6212/statm: 32481 24667 3319 4212 0 21458 0
Current children cumulated CPU time: 0.23 s
Current children cumulated vsize: 129924 KiB
Current children cumulated memory: 98992 KiB

[startup+0.32312 s]*
/proc/loadavg: 1.06 1.09 1.05 3/903 6228
/proc/meminfo: memFree=109314384/131989204 swapFree=244096144/244398076
[pid=6212] ppid=6211 vsize=264852 memory=233896 CPUtime=0.33 cores=10
/proc/6212/stat : 6212 (seapp) R 6211 6212 20134 34834 25294 4194304 57785 0 0 0 24 9 0 0 20 0 1 0 372694023 271208448 58474 18446744073709551615 4194304 21443392 140722141511072 0 0 0 0 0 1098931967 0 0 0 17 10 0 0 0 0 0 21451008 21699880 25948160 140722141516468 140722141516823 140722141516823 140722141519804 0
/proc/6212/statm: 66213 58474 3335 4212 0 55190 0
Current children cumulated CPU time: 0.33 s
Current children cumulated vsize: 264852 KiB
Current children cumulated memory: 233896 KiB

[startup+0.700237 s]
/proc/loadavg: 1.06 1.09 1.05 2/900 6228
/proc/meminfo: memFree=109088864/131989204 swapFree=244096144/244398076
[pid=6212] ppid=6211 vsize=486220 memory=455128 CPUtime=0.69 cores=10
/proc/6212/stat : 6212 (seapp) R 6211 6212 20134 34834 25294 4194304 113101 0 0 0 52 17 0 0 20 0 1 0 372694023 497889280 113782 18446744073709551615 4194304 21443392 140722141511072 0 0 0 0 0 1098931967 0 0 0 17 10 0 0 0 0 0 21451008 21699880 25948160 140722141516468 140722141516823 140722141516823 140722141519804 0
/proc/6212/statm: 121555 113782 3335 4212 0 110532 0
Current children cumulated CPU time: 0.69 s
Current children cumulated vsize: 486220 KiB
Current children cumulated memory: 455128 KiB

[startup+1.50025 s]
/proc/loadavg: 1.06 1.09 1.05 2/900 6228
/proc/meminfo: memFree=109060592/131989204 swapFree=244096144/244398076
[pid=6212] ppid=6211 vsize=529432 memory=498484 CPUtime=1.49 cores=10
/proc/6212/stat : 6212 (seapp) R 6211 6212 20134 34834 25294 4194304 123926 0 0 0 131 18 0 0 20 0 1 0 372694023 542138368 124621 18446744073709551615 4194304 21443392 140722141511072 0 0 0 0 0 1098931967 0 0 0 17 10 0 0 0 0 0 21451008 21699880 25948160 140722141516468 140722141516823 140722141516823 140722141519804 0
/proc/6212/statm: 132358 124621 3351 4212 0 121335 0
Current children cumulated CPU time: 1.49 s
Current children cumulated vsize: 529432 KiB
Current children cumulated memory: 498484 KiB

[startup+3.12237 s]
/proc/loadavg: 1.06 1.09 1.05 2/900 6251
/proc/meminfo: memFree=108827068/131989204 swapFree=244096144/244398076
[pid=6212] ppid=6211 vsize=730192 memory=699244 CPUtime=3.12 cores=10
/proc/6212/stat : 6212 (seapp) R 6211 6212 20134 34834 25294 4194304 174099 0 0 0 269 43 0 0 20 0 1 0 372694023 747716608 174811 18446744073709551615 4194304 21443392 140722141511072 0 0 0 0 0 1098931967 0 0 0 17 10 0 0 0 0 0 21451008 21699880 25948160 140722141516468 140722141516823 140722141516823 140722141519804 0
/proc/6212/statm: 182548 174811 3383 4212 0 171525 0
Current children cumulated CPU time: 3.12 s
Current children cumulated vsize: 730192 KiB
Current children cumulated memory: 699244 KiB

[startup+6.30026 s]
/proc/loadavg: 1.05 1.09 1.05 2/900 6295
/proc/meminfo: memFree=108822248/131989204 swapFree=244096144/244398076
[pid=6212] ppid=6211 vsize=735076 memory=704260 CPUtime=6.29 cores=10
/proc/6212/stat : 6212 (seapp) R 6211 6212 20134 34834 25294 4194304 175344 0 0 0 543 86 0 0 20 0 1 0 372694023 752717824 176065 18446744073709551615 4194304 21443392 140722141511072 0 0 0 0 0 1098931967 0 0 0 17 10 0 0 0 0 0 21451008 21699880 25948160 140722141516468 140722141516823 140722141516823 140722141519804 0
/proc/6212/statm: 183769 176065 3383 4212 0 172746 0
Current children cumulated CPU time: 6.29 s
Current children cumulated vsize: 735076 KiB
Current children cumulated memory: 704260 KiB

****CallGraph SCC Stat****
################ (program : temps/h264ref)###############
-------------------------------------------------------
CalRetPairInCycle   91
MaxNodeInCycle      27
NodeInCycle         28
TotalCycle          2
TotalEdge           5330
TotalNode           511
#######################################################

****Andersen Pointer Analysis Statistics****
################ (program : temps/h264ref)###############
TotalObjects        1463
TotalFieldObjects   1491
TotalPointers       174533
HeapObjs            340
FunctionObjs        511
GlobalObjs          406
StackObjs           204
IndCallSites        0
TotalPAGEdges       133985
LocalVarInRecur     0
BitCastNumber       3194
CopysNum            5214
AddrsNum            2153
GepsNum             42963
ReturnsNum          43
CallsNum            3501
StoresNum           1466
LoadsNum            11108
FSObjNum            1281
FIObjNum            180
ConstArrayObj       6
VarArrayObj         201
ConstStructObj      0
VarStructObj        64
NonPtrObj           997
MaxStructSize       176
TotalCallSite       5330
BBWith3Succ         202
BBWith2Succ         7658
-------------------------------------------------------
AvgPtsSetSize       0.601764
AvgTopLvlPtsSize    1.7599
SCCDetectTime       2.819
CopyGepTime         2.255
TotalTime           6.06
CollapseTime        0
LoadStoreTime       0.063
SCCMergeTime        0.416
UpdateCGTime        0
TotalStoreInst      15361
TotalLoadInst       33151
NumOfSCCDetect      8
MemObjects          1463
TotalObjects        2954
DYFieldPtrs         597
TotalPointers       174533
Pointers            173936
Iterations          8
DYFieldObjs         1491
IndCallSites        0
NodesInCycles       248
TotalPAGEdges       73410
PointsToConstPtr    0
PointsToBlkPtr      16
NullPointer         3129
CopysNum            17962
AddrsNum            2139
GepsNum             42878
StoresNum           1464
LoadsNum            11106
TotalCycleNum       57
TotalPWCCycleNum    6
CGNodeNum           178108
MaxPtsSetSize       42
IndEdgeSolved       0
CopyProcessed       14590
AddrProcessed       2153
GepProcessed        35117
StoreProcessed      1890
LoadProcessed       11620
MaxNodesInSCC       55
#######################################################

****Memory SSA Statistics****
################ (program : temps/h264ref)###############
-------------------------------------------------------
AverageRegSize      4.90541
GenRegionTime       0.118
SSARenameTime       0.015
InsertPHITime       0
GenMUCHITime        0.047
TotalMSSATime       0.197
FunHasRetMu         402
FunRetMu            2799
LoadHasMu           11108
CSHasMu             1609
MemRegions          962
BBHasMSSAPhi        614
MSSAPhi             1419
FunHasEntryChi      323
FunEntryChi         2802
StoreHasChi         1127
CSHasChi            411
MaxRegSize          228
LoadMuNode          7934
CSMuNode            6356
StoreChiNode        1164
CSChiNode           1146
#######################################################

****SVFG Statistics****
################ (program : temps/h264ref)###############
-------------------------------------------------------
AvgWeight           1.79514
OptTime             0.042
TotalTime           0.162
ConnDirEdgeTime     0.037
ConnIndEdgeTime     0.047
ATNodeTime          0.007
TLNodeTime          0.029
Copy                3455
ActualOut           566
FormalOut           0
ActualRet           0
FormalRet           0
Addr                2153
Gep                 42963
ActualIn            0
FormalIn            2220
ActualParam         0
FormalParam         0
MSSAPhi             785
MaxIndOutDeg        444
AvgIndOutDeg        5
MaxIndInDeg         432
AvgIndInDeg         2
Store               1466
DirectRetEdge       43
IndRetEdge          3309
IndirectEdge        26482
DirectEdge          65761
DirectCallEdge      3501
IndCallEdge         12827
TotalEdge           92243
MaxOutDegree        8356
AvgOutDegree        1
MaxInDegree         432
AvgInDegree         1
TotalNode           65935
Load                11108
PHI                 1218
#######################################################

****CallGraph SCC Stat****
################ (program : temps/h264ref)###############
-------------------------------------------------------
CalRetPairInCycle   91
MaxNodeInCycle      27
NodeInCycle         28
TotalCycle          2
TotalEdge           5330
TotalNode           511
#######################################################

****Flow-Sensitive Pointer Analysis Statistics****
################ (program : temps/h264ref)###############
TotalObjects        1463
TotalFieldObjects   1491
TotalPointers       174533
HeapObjs            340
FunctionObjs        511
GlobalObjs          406
StackObjs           204
IndCallSites        0
TotalPAGEdges       133985
LocalVarInRecur     0
BitCastNumber       3194
CopysNum            5214
AddrsNum            2153
GepsNum             42963
ReturnsNum          43
CallsNum            3501
StoresNum           1466
LoadsNum            11108
FSObjNum            1281
FIObjNum            180
ConstArrayObj       6
VarArrayObj         201
ConstStructObj      0
VarStructObj        64
NonPtrObj           997
MaxStructSize       176
TotalCallSite       5330
BBWith3Succ         202
BBWith2Succ         7658
-------------------------------------------------------
AvgAddrTakenVarPts  2.2338
AvgTopLvlPtsSize    1.71192
AvgPtsSize          2.20913
AvgOUTPtsSize       3.512
AvgINPtsSize        3.68543
AverageSCCSize      40
ProcessTime         0.299
AddrTime            0.006
CopyGepTime         0.128
PropagationTime     0.241
TotalTime           0.972
SolveTime           0.811
StoreTime           0.004
Strong/WeakUpdTime  0.002
LoadTime            0.045
IndirectPropaTime   0.135
DirectPropaTime     0.02
UpdateCGTime        0
SCCTime             0.129
ProcessedCopy       6695
ProcessedFRet       0
MemObjects          1463
TotalObjects        2954
MaxAddrTakenVarPts  16
DYFieldPtrs         597
TotalPointers       174533
Pointers            173936
Iterations          1
DYFieldObjs         1491
StrongUpdates       440
PointsToConstPtr    0
PointsToBlkPtr      16
NullPointer         3437
ProcessedAddr       2153
NumOfAddrTakenVar   1728
ProcessedGep        82501
CopysNum            3455
StoresNum           1466
ProcessedAParam     0
ProcessedPhi        2415
MaxPtsSize          42
MaxTopLvlPtsSize    42
MaxOUTPtsSize       16
MaxINPtsSize        16
MaxSCCSize          2509
ProcessedStore      3778
ProcessedMSSANode   9132
IndEdgeSolved       0
ProcessedLoad       26137
ST_SNodesHaveOUT    760
FO_SNodesHaveOUT    0
AO_SNodesHaveOUT    0
PHI_SNodesHaveOUT   0
FI_SNodesHaveOUT    0
AI_SNodesHaveOUT    0
LD_SNodesHaveOUT    0
SNodesHaveOUT       760
VarHaveOUT          1125
VarHaveOUT_ST       1125
VarHaveIN_ST        708
VarHaveOUT_FO       0
VarHaveIN_FO        0
VarHaveOUT_AO       0
VarHaveIN_AO        2183
ST_SNodesHaveIN     343
FO_SNodesHaveIN     0
AO_SNodesHaveIN     526
PHI_SNodesHaveIN    589
FI_SNodesHaveIN     1545
AI_SNodesHaveIN     0
LD_SNodesHaveIN     6356
SNodesHaveIN        9359
VarHaveIN           19401
VarHaveOUT_PHI      0
VarHaveIN_PHI       1770
VarHaveOUT_FI       0
VarHaveIN_FI        4356
VarHaveOUT_AI       0
VarHaveIN_AI        0
VarHaveOUT_LD       0
VarHaveIN_LD        10384
NumOfNodesInSCC     3440
NumOfSCC            86
#######################################################
BRUNCH_STAT SEA_TIME_PTA_MS 7971
Warning: SMC: 	Applied negative offsets, overriding offset as 0
Warning: SMC: 	Applied negative offsets, overriding offset as 0
Warning: SMC: 	Applied negative offsets, overriding offset as 0
Warning: SMC: 	Applied negative offsets, overriding offset as 0
Warning: SMC: 	Applied negative offsets, overriding offset as 0
Warning: SMC: 	Applied negative offsets, overriding offset as 0
BRUNCH_STAT SEA_TIME_SMC_ANALYSIS_MS 46

=========== Start of Simple Memory Check Stats ===========
Format:	All instructions (Heap/Stack/Global)

Discovered memory instructions	48512
Discovered allocation sites	591	(216/187/188)
Interesting allocation sites	0	(0/0/0)
Other allocation sites		0	(0/0/0)
Total Simple AS to instrument	0
Interesting <Barrier, AllocSite> pairs	0
Total <Barrier, AllocSite> pairs	0
BRUNCH_STAT SMC_ALL_AS 591
BRUNCH_STAT SMC_AS_BARRIER_INTERESTING 0
BRUNCH_STAT SMC_AS_BARRIER_CHECKS 0
BRUNCH_STAT SMC_AS_BARRIER_TOTAL 37178


Warning: found 326 possible reads of undefined values
BRUNCH_STAT PTA_RSS_KB 1784468

[startup+10.3909 s]
# the end of solver process 6212 was just reported to runsolver
# cumulated CPU time of all completed processes:  user=8.4782 s, system=1.80047 s

Solver just ended.
??? end of watcher thread
Dumping a history of the last processes samples

[startup+6.40028 s]
/proc/loadavg: 1.05 1.09 1.05 2/900 6295
/proc/meminfo: memFree=108822248/131989204 swapFree=244096144/244398076
[pid=6212] ppid=6211 vsize=735076 memory=704260 CPUtime=6.39 cores=10
/proc/6212/stat : 6212 (seapp) R 6211 6212 20134 34834 25294 4194304 175346 0 0 0 553 86 0 0 20 0 1 0 372694023 752717824 176065 18446744073709551615 4194304 21443392 140722141511072 0 0 0 0 0 1098931967 0 0 0 17 10 0 0 0 0 0 21451008 21699880 25948160 140722141516468 140722141516823 140722141516823 140722141519804 0
/proc/6212/statm: 183769 176065 3383 4212 0 172746 0
Current children cumulated CPU time: 6.39 s
Current children cumulated vsize: 735076 KiB
Current children cumulated memory: 704260 KiB

[startup+8.00023 s]*
/proc/loadavg: 1.05 1.09 1.05 2/900 6318
/proc/meminfo: memFree=108587200/131989204 swapFree=244096144/244398076
[pid=6212] ppid=6211 vsize=1002976 memory=972172 CPUtime=8.01 cores=10
/proc/6212/stat : 6212 (seapp) R 6211 6212 20134 34834 25294 4194304 244221 0 0 0 684 117 0 0 20 0 1 0 372694023 1027047424 243043 18446744073709551615 4194304 21443392 140722141511072 0 0 0 0 0 1098931967 0 0 0 17 10 0 0 0 0 0 21451008 21699880 25948160 140722141516468 140722141516823 140722141516823 140722141519804 0
/proc/6212/statm: 250744 243043 3383 4212 0 239721 0
Current children cumulated CPU time: 8.01 s
Current children cumulated vsize: 1002976 KiB
Current children cumulated memory: 972172 KiB

[startup+9.60015 s]
/proc/loadavg: 1.05 1.08 1.05 2/900 6328
/proc/meminfo: memFree=107774620/131989204 swapFree=244096144/244398076
[pid=6212] ppid=6211 vsize=1793036 memory=1761764 CPUtime=9.54 cores=10
/proc/6212/stat : 6212 (seapp) R 6211 6212 20134 34834 25294 4194304 442515 0 0 0 785 169 0 0 20 0 1 0 372694023 1836068864 440441 18446744073709551615 4194304 21443392 140722141511072 0 0 0 0 0 1098931967 0 0 0 17 10 0 0 5 0 0 21451008 21699880 25948160 140722141516468 140722141516823 140722141516823 140722141519804 0
/proc/6212/statm: 448259 440441 3526 4212 0 437236 0
Current children cumulated CPU time: 9.54 s
Current children cumulated vsize: 1793036 KiB
Current children cumulated memory: 1761764 KiB

[startup+10.0002 s]*
/proc/loadavg: 1.05 1.08 1.05 2/900 6341
/proc/meminfo: memFree=107752920/131989204 swapFree=244096144/244398076
[pid=6212] ppid=6211 vsize=1801392 memory=1770392 CPUtime=9.95 cores=10
/proc/6212/stat : 6212 (seapp) R 6211 6212 20134 34834 25294 4194304 449052 0 0 0 823 172 0 0 20 0 1 0 372694023 1844625408 442598 18446744073709551615 4194304 21443392 140722141511072 0 0 0 0 0 1098931967 0 0 0 17 10 0 0 5 0 0 21451008 21699880 25948160 140722141516468 140722141516823 140722141516823 140722141519804 0
/proc/6212/statm: 450348 442598 3558 4212 0 439325 0
Current children cumulated CPU time: 9.95 s
Current children cumulated vsize: 1801392 KiB
Current children cumulated memory: 1770392 KiB

[startup+10.2002 s]
/proc/loadavg: 1.05 1.08 1.05 2/900 6341
/proc/meminfo: memFree=107752920/131989204 swapFree=244096144/244398076
[pid=6212] ppid=6211 vsize=1808156 memory=1775464 CPUtime=10.14 cores=10
/proc/6212/stat : 6212 (seapp) R 6211 6212 20134 34834 25294 4194304 450345 0 0 0 842 172 0 0 20 0 1 0 372694023 1851551744 443866 18446744073709551615 4194304 21443392 140722141511072 0 0 0 0 0 1098931967 0 0 0 17 10 0 0 5 0 0 21451008 21699880 25948160 140722141516468 140722141516823 140722141516823 140722141519804 0
/proc/6212/statm: 452039 443866 3574 4212 0 441016 0
Current children cumulated CPU time: 10.14 s
Current children cumulated vsize: 1808156 KiB
Current children cumulated memory: 1775464 KiB

[startup+10.3002 s]
/proc/loadavg: 1.05 1.08 1.05 2/900 6341
/proc/meminfo: memFree=107752920/131989204 swapFree=244096144/244398076
[pid=6212] ppid=6211 vsize=1808156 memory=1775464 CPUtime=10.17 cores=10
/proc/6212/stat : 6212 (seapp) R 6211 6212 20134 34834 25294 4194304 450345 0 0 0 845 172 0 0 20 0 1 0 372694023 1851551744 443866 18446744073709551615 4194304 21443392 140722141511072 0 0 0 0 0 1098931967 0 0 0 17 10 0 0 5 0 0 21451008 21699880 25948160 140722141516468 140722141516823 140722141516823 140722141519804 0
/proc/6212/statm: 452039 443866 3574 4212 0 441016 0
Current children cumulated CPU time: 10.17 s
Current children cumulated vsize: 1808156 KiB
Current children cumulated memory: 1775464 KiB

Child status: 0
Real time (s): 10.391
CPU time (s): 10.2787
CPU user time (s): 8.4782
CPU system time (s): 1.80047
CPU usage (%): 98.9189
Max. virtual memory (cumulated for all children) (KiB): 1808156
Max. memory (cumulated for all children) (KiB): 1775464

getrusage(RUSAGE_CHILDREN,...) data:
user time used= 8.4782
system time used= 1.80047
maximum resident set size= 1784468
integral shared memory size= 0
integral unshared data size= 0
integral unshared stack size= 0
page reclaims= 450352
page faults= 0
swaps= 0
block input operations= 0
block output operations= 5024
messages sent= 0
messages received= 0
signals received= 0
voluntary context switches= 5
involuntary context switches= 20


# summary of solver processes directly reported to runsolver:
#   pid: 6212
#   total CPU time (s): 10.2787
#   total CPU user time (s): 8.4782
#   total CPU system time (s): 1.80047

??? end of timestamper thread
runsolver used 0.139739 second user time and 0.253278 second system time

The end
BRUNCH_STAT TOTAL_TIME_SMC_MS 10458
BRUNCH_STAT ORIGINAL_BITCODE_NAME h264ref.bc
BRUNCH_STAT ORIGINAL_BITCODE_SIZE_KB 1816
BRUNCH_STAT FINAL_BITCODE_NAME h264ref.n.pp.bc
BRUNCH_STAT FINAL_BITCODE_SIZE_KB 2468
BRUNCH_STAT EXPERIMENT_TIME 19/02/21-18:43:52
