hmmer.bc true wave-diff
BITCODE:hmmer.bc
SEAHORN_DIR=/home/jkudersk/projects/build-seahorn/release/run/bin
PWD=/home/jkudersk/projects/points-to-bitcode/5.0/spec2k6
PTA=wave-diff


/home/jkudersk/projects/build-seahorn/release/run/bin/seaopt hmmer.bc -O1 -o ./temps/hmmer.n.bc

File already exists, skipping seaopt invocation
/home/jkudersk/projects/build-seahorn/release/run/bin/seapp ./temps/hmmer.n.bc -o ./temps/hmmer.n.pp.bc --lower-invoke --devirt-functions --unfold-loops-for-dsa=false --simplify-pointer-loops --horn-inline-constructors --horn-inline-allocators --log=extern.off --kill-vaarg=true --externalize-addr-taken-funcs=true --promote-bool-loads=true --lower-switch=false --externalize-function=.*AFA6string.*,_ZN3AFAplERKNS_6stringES2_,_ZN3AFAplEPKcRKNS_6stringE,_ZN3AFAplERKNS_6stringEPKc,_Z18to_standard_stringN3AFA6stringE,.*AFA3map.*,.*MDL_Tree.*,_Z14Initialize_Mapv,_ZN6google8protobuf*,_ZN5boost4asio6detail1*,_ZN5beast* --promote-assumptions=false --instnamer --strip-debug --verify-after-all=true --sea-verifier-noop --log=debug-verifier

File exists, skipping seapp invocation

runsolver --rss-swap-limit 64000 -W 3600 taskset -c 10 /home/jkudersk/projects/build-seahorn/release/run/bin/seapp ./temps/hmmer.n.pp.bc -o ./temps/hmmer.n.pp.smc.bc --smc --sea-dsa-type-aware=true --smc-analyze-only --smc-check-threshold=400 --sea-dsa=butd-cs --smc-pta=wave-diff --print-smc-summary --log=brunch --log=brunch-progress --log=dsa-progress.off --log=smc.off --log=dsa.off --log=alloc-sites.off

runsolver version 3.4.0 (svn: 3018) Copyright (C) 2010-2013 Olivier ROUSSEL

This program is distributed in the hope that it will be useful,
but WITHOUT ANY WARRANTY; without even the implied warranty of
MERCHANTABILITY or FITNESS FOR A PARTICULAR PURPOSE.  See the
GNU General Public License for more details.

NUMA information:
  number of nodes: 2
  memory of node 0: 64409 MiB (52898 MiB free)
  memory of node 1: 64486 MiB (54234 MiB free)
  node distances:
     10  21
     21  10

command line: runsolver --rss-swap-limit 64000 -W 3600 taskset -c 10 /home/jkudersk/projects/build-seahorn/release/run/bin/seapp ./temps/hmmer.n.pp.bc -o ./temps/hmmer.n.pp.smc.bc --smc --sea-dsa-type-aware=true --smc-analyze-only --smc-check-threshold=400 --sea-dsa=butd-cs --smc-pta=wave-diff --print-smc-summary --log=brunch --log=brunch-progress --log=dsa-progress.off --log=smc.off --log=dsa.off --log=alloc-sites.off 

running on 36 cores: 0-9,20-29,10-19,30-31,36-39

Enforcing wall clock limit (soft limit, will send SIGTERM then SIGKILL): 3600 seconds
Enforcing RSS+Swap limit (soft limit, will send SIGTERM then SIGKILL): 65536000 KiB
Linux 4.15.0-43-generic
Current StackSize limit: 8192 KiB
solver pid=40324, runsolver pid=40323

Sea Allocators:
	_fopen
	Znaj
	ZnajRKSt9nothrow_t
	Znam
	ZnamRKSt9nothrow_t
	Znwj
	ZnwjRKSt9nothrow_t
	Znwm
	ZnwmRKSt9nothrow_t
	__memcpy_chk
	__memmove_chk
	__memset_chk
	__strcat_chk
	__strcpy_chk
	__strncat_chk
	__strncpy_chk
	calloc
	ctime
	fgets
	getenv
	malloc
	memchr
	realloc
	sre_realloc
	strchr
	strncpy
	strpbrk
	strstr
	strtok
	verifier.nondet.2
Warning: Running SVF PTA!
BRUNCH_STAT PTA_KIND SVF_Andersen_Diff_Wave_Type

[startup+0.100076 s]*
/proc/loadavg: 0.97 1.03 1.05 2/903 40325
/proc/meminfo: memFree=109627020/131989204 swapFree=244096144/244398076
[pid=40324] ppid=40323 vsize=142796 memory=111928 CPUtime=0.11 cores=10
/proc/40324/stat : 40324 (seapp) R 40323 40324 20134 34834 25294 4194304 25477 0 0 0 6 5 0 0 20 0 1 0 374254499 146223104 27982 18446744073709551615 4194304 21443392 140725760600432 0 0 0 0 0 1098931967 0 0 0 17 10 0 0 0 0 0 21451008 21699880 53497856 140725760602805 140725760603159 140725760603159 140725760606140 0
/proc/40324/statm: 35699 27982 3334 4212 0 24676 0
Current children cumulated CPU time: 0.11 s
Current children cumulated vsize: 142796 KiB
Current children cumulated memory: 111928 KiB

[startup+0.222564 s]*
/proc/loadavg: 0.97 1.03 1.05 2/903 40325
/proc/meminfo: memFree=109568492/131989204 swapFree=244096144/244398076
[pid=40324] ppid=40323 vsize=184032 memory=153352 CPUtime=0.24 cores=10
/proc/40324/stat : 40324 (seapp) R 40323 40324 20134 34834 25294 4194304 35777 0 0 0 17 7 0 0 20 0 1 0 374254499 188448768 38338 18446744073709551615 4194304 21443392 140725760600432 0 0 0 0 0 1098931967 0 0 0 17 10 0 0 0 0 0 21451008 21699880 53497856 140725760602805 140725760603159 140725760603159 140725760606140 0
/proc/40324/statm: 46008 38338 3398 4212 0 34985 0
Current children cumulated CPU time: 0.24 s
Current children cumulated vsize: 184032 KiB
Current children cumulated memory: 153352 KiB

[startup+0.322358 s]*
/proc/loadavg: 0.97 1.03 1.05 2/903 40325
/proc/meminfo: memFree=109557580/131989204 swapFree=244096144/244398076
[pid=40324] ppid=40323 vsize=193140 memory=162328 CPUtime=0.34 cores=10
/proc/40324/stat : 40324 (seapp) R 40323 40324 20134 34834 25294 4194304 38062 0 0 0 25 9 0 0 20 0 1 0 374254499 197775360 40582 18446744073709551615 4194304 21443392 140725760600432 0 0 0 0 0 1098931967 0 0 0 17 10 0 0 0 0 0 21451008 21699880 53497856 140725760602805 140725760603159 140725760603159 140725760606140 0
/proc/40324/statm: 48285 40582 3398 4212 0 37262 0
Current children cumulated CPU time: 0.34 s
Current children cumulated vsize: 193140 KiB
Current children cumulated memory: 162328 KiB

[startup+0.700314 s]
/proc/loadavg: 0.97 1.03 1.05 2/903 40352
/proc/meminfo: memFree=109553432/131989204 swapFree=244096144/244398076
[pid=40324] ppid=40323 vsize=197364 memory=166552 CPUtime=0.69 cores=10
/proc/40324/stat : 40324 (seapp) R 40323 40324 20134 34834 25294 4194304 39124 0 0 0 54 15 0 0 20 0 1 0 374254499 202100736 41638 18446744073709551615 4194304 21443392 140725760600432 0 0 0 0 0 1098931967 0 0 0 17 10 0 0 0 0 0 21451008 21699880 53497856 140725760602805 140725760603159 140725760603159 140725760606140 0
/proc/40324/statm: 49341 41638 3398 4212 0 38318 0
Current children cumulated CPU time: 0.69 s
Current children cumulated vsize: 197364 KiB
Current children cumulated memory: 166552 KiB

****CallGraph SCC Stat****
################ (program : temps/hmmer)###############
-------------------------------------------------------
CalRetPairInCycle   8
MaxNodeInCycle      2
NodeInCycle         3
TotalCycle          2
TotalEdge           3729
TotalNode           288
#######################################################

****Andersen Pointer Analysis Statistics****
################ (program : temps/hmmer)###############
TotalObjects        1013
TotalFieldObjects   283
TotalPointers       36676
HeapObjs            549
FunctionObjs        288
GlobalObjs          33
StackObjs           141
IndCallSites        0
TotalPAGEdges       56276
LocalVarInRecur     3
BitCastNumber       1069
CopysNum            2345
AddrsNum            1545
GepsNum             6152
ReturnsNum          320
CallsNum            1225
StoresNum           702
LoadsNum            2427
FSObjNum            836
FIObjNum            175
ConstArrayObj       5
VarArrayObj         30
ConstStructObj      0
VarStructObj        7
NonPtrObj           411
MaxStructSize       48
TotalCallSite       3729
BBWith3Succ         89
BBWith2Succ         2965
-------------------------------------------------------
AvgPtsSetSize       1.8428
AvgTopLvlPtsSize    5.41613
SCCDetectTime       0.245
CopyGepTime         0.269
TotalTime           0.664
CollapseTime        0.001
LoadStoreTime       0.029
SCCMergeTime        0.038
UpdateCGTime        0
TotalStoreInst      2533
TotalLoadInst       4867
NumOfSCCDetect      5
MemObjects          1013
TotalObjects        1296
DYFieldPtrs         66
TotalPointers       36676
Pointers            36610
Iterations          5
DYFieldObjs         283
IndCallSites        0
NodesInCycles       764
TotalPAGEdges       17386
PointsToConstPtr    0
PointsToBlkPtr      4
NullPointer         269
CopysNum            8591
AddrsNum            1496
GepsNum             5918
StoresNum           578
LoadsNum            2299
TotalCycleNum       135
TotalPWCCycleNum    23
CGNodeNum           37658
MaxPtsSetSize       83
IndEdgeSolved       0
CopyProcessed       9252
AddrProcessed       1545
GepProcessed        6269
StoreProcessed      4239
LoadProcessed       12147
MaxNodesInSCC       181
#######################################################
BRUNCH_STAT SEA_TIME_PTA_MS 657
Warning: SMC: 	Applied negative offsets, overriding offset as 0
Warning: SMC: 	Applied negative offsets, overriding offset as 0
Warning: SMC: 	Applied negative offsets, overriding offset as 0
Warning: SMC: 	Applied negative offsets, overriding offset as 0
Warning: SMC: 	Applied negative offsets, overriding offset as 0
Warning: SMC: 	Applied negative offsets, overriding offset as 0
Warning: SMC: 	Applied negative offsets, overriding offset as 0
Warning: SMC: 	Applied negative offsets, overriding offset as 0
Warning: SMC: 	Applied negative offsets, overriding offset as 0
Warning: SMC: 	Applied negative offsets, overriding offset as 0
Warning: SMC: 	Applied negative offsets, overriding offset as 0
Warning: SMC: 	Applied negative offsets, overriding offset as 0
Warning: SMC: 	Applied negative offsets, overriding offset as 0
Warning: SMC: 	Applied negative offsets, overriding offset as 0
Warning: SMC: 	Applied negative offsets, overriding offset as 0
Warning: SMC: 	Applied negative offsets, overriding offset as 0
Warning: SMC: 	Applied negative offsets, overriding offset as 0
Warning: SMC: 	Applied negative offsets, overriding offset as 0
Warning: SMC: 	Applied negative offsets, overriding offset as 0
Warning: SMC: 	Applied negative offsets, overriding offset as 0
Warning: SMC: 	Applied negative offsets, overriding offset as 0
Warning: SMC: 	Applied negative offsets, overriding offset as 0
Warning: SMC: 	Applied negative offsets, overriding offset as 0
Warning: SMC: 	Applied negative offsets, overriding offset as 0
Warning: SMC: 	Applied negative offsets, overriding offset as 0
Warning: SMC: 	Applied negative offsets, overriding offset as 0
Warning: SMC: 	Applied negative offsets, overriding offset as 0
Warning: SMC: 	Applied negative offsets, overriding offset as 0
Warning: SMC: 	Applied negative offsets, overriding offset as 0
Warning: SMC: 	Applied negative offsets, overriding offset as 0
Warning: SMC: 	Applied negative offsets, overriding offset as 0
Warning: SMC: 	Applied negative offsets, overriding offset as 0
Warning: SMC: 	Applied negative offsets, overriding offset as 0
Warning: SMC: 	Applied negative offsets, overriding offset as 0
Warning: SMC: 	Applied negative offsets, overriding offset as 0
Warning: SMC: 	Applied negative offsets, overriding offset as 0
Warning: SMC: 	Applied negative offsets, overriding offset as 0
Warning: SMC: 	Applied negative offsets, overriding offset as 0
Warning: SMC: 	Applied negative offsets, overriding offset as 0
Warning: SMC: 	Applied negative offsets, overriding offset as 0
Warning: SMC: 	Applied negative offsets, overriding offset as 0
Warning: SMC: 	Applied negative offsets, overriding offset as 0
Warning: SMC: 	Applied negative offsets, overriding offset as 0
Warning: SMC: 	Applied negative offsets, overriding offset as 0
BRUNCH_STAT SEA_TIME_SMC_ANALYSIS_MS 15

=========== Start of Simple Memory Check Stats ===========
Format:	All instructions (Heap/Stack/Global)

Discovered memory instructions	7400
Discovered allocation sites	329	(229/90/10)
Interesting allocation sites	10	(10/0/0)
Other allocation sites		70	(69/1/0)
Total Simple AS to instrument	165
Interesting <Barrier, AllocSite> pairs	82
Total <Barrier, AllocSite> pairs	1566
BRUNCH_STAT SMC_ALL_AS 329
BRUNCH_STAT SMC_AS_BARRIER_INTERESTING 82
BRUNCH_STAT SMC_AS_BARRIER_CHECKS 1566
BRUNCH_STAT SMC_AS_BARRIER_TOTAL 22358


Warning: SMC: exiting without instrumenting (--smc-analyze-only)
Warning: found 74 possible reads of undefined values
BRUNCH_STAT PTA_RSS_KB 373688

[startup+1.13744 s]
# the end of solver process 40324 was just reported to runsolver
# cumulated CPU time of all completed processes:  user=0.79592 s, system=0.29197 s

Solver just ended.
??? end of watcher thread
Dumping a history of the last processes samples

[startup+0.800258 s]
/proc/loadavg: 0.97 1.03 1.05 2/903 40352
/proc/meminfo: memFree=109553432/131989204 swapFree=244096144/244398076
[pid=40324] ppid=40323 vsize=197364 memory=166552 CPUtime=0.79 cores=10
/proc/40324/stat : 40324 (seapp) R 40323 40324 20134 34834 25294 4194304 39124 0 0 0 62 17 0 0 20 0 1 0 374254499 202100736 41638 18446744073709551615 4194304 21443392 140725760600432 0 0 0 0 0 1098931967 0 0 0 17 10 0 0 0 0 0 21451008 21699880 53497856 140725760602805 140725760603159 140725760603159 140725760606140 0
/proc/40324/statm: 49341 41638 3398 4212 0 38318 0
Current children cumulated CPU time: 0.79 s
Current children cumulated vsize: 197364 KiB
Current children cumulated memory: 166552 KiB

[startup+1.00024 s]*
/proc/loadavg: 0.97 1.03 1.05 2/903 40352
/proc/meminfo: memFree=109345648/131989204 swapFree=244096144/244398076
[pid=40324] ppid=40323 vsize=400356 memory=370284 CPUtime=1.01 cores=10
/proc/40324/stat : 40324 (seapp) R 40323 40324 20134 34834 25294 4194304 91652 0 0 0 74 27 0 0 20 0 1 0 374254499 409964544 92571 18446744073709551615 4194304 21443392 140725760600432 0 0 0 0 0 1098931967 0 0 0 17 10 0 0 0 0 0 21451008 21699880 53497856 140725760602805 140725760603159 140725760603159 140725760606140 0
/proc/40324/statm: 100089 92571 3542 4212 0 89066 0
Current children cumulated CPU time: 1.01 s
Current children cumulated vsize: 400356 KiB
Current children cumulated memory: 370284 KiB

Child status: 0
Real time (s): 1.13748
CPU time (s): 1.08789
CPU user time (s): 0.79592
CPU system time (s): 0.29197
CPU usage (%): 95.6404
Max. virtual memory (cumulated for all children) (KiB): 400356
Max. memory (cumulated for all children) (KiB): 370284

getrusage(RUSAGE_CHILDREN,...) data:
user time used= 0.79592
system time used= 0.29197
maximum resident set size= 373688
integral shared memory size= 0
integral unshared data size= 0
integral unshared stack size= 0
page reclaims= 91659
page faults= 0
swaps= 0
block input operations= 0
block output operations= 1104
messages sent= 0
messages received= 0
signals received= 0
voluntary context switches= 2
involuntary context switches= 5


# summary of solver processes directly reported to runsolver:
#   pid: 40324
#   total CPU time (s): 1.08789
#   total CPU user time (s): 0.79592
#   total CPU system time (s): 0.29197

??? end of timestamper thread
runsolver used 0.054003 second user time and 0.119578 second system time

The end
BRUNCH_STAT TOTAL_TIME_SMC_MS 1179
BRUNCH_STAT ORIGINAL_BITCODE_NAME hmmer.bc
BRUNCH_STAT ORIGINAL_BITCODE_SIZE_KB 720
BRUNCH_STAT FINAL_BITCODE_NAME hmmer.n.pp.bc
BRUNCH_STAT FINAL_BITCODE_SIZE_KB 544
BRUNCH_STAT EXPERIMENT_TIME 19/02/21-23:03:57
