llvm-dis.bc false dsa true
BITCODE:llvm-dis.bc
SEAHORN_DIR=/home/jkudersk/projects/build-seahorn/release/run/bin
PWD=/home/jkudersk/projects/points-to-bitcode/5.0/clang
PTA=dsa


/home/jkudersk/projects/build-seahorn/release/run/bin/seaopt llvm-dis.bc -O1 -o ./temps/llvm-dis.n.bc

File already exists, skipping seaopt invocation
/home/jkudersk/projects/build-seahorn/release/run/bin/seapp ./temps/llvm-dis.n.bc -o ./temps/llvm-dis.n.pp.bc --lower-invoke --devirt-functions --unfold-loops-for-dsa=false --simplify-pointer-loops --horn-inline-constructors --horn-inline-allocators --log=extern.off --kill-vaarg=true --externalize-addr-taken-funcs=true --promote-bool-loads=true --lower-switch=false --externalize-function=.*AFA6string.*,_ZN3AFAplERKNS_6stringES2_,_ZN3AFAplEPKcRKNS_6stringE,_ZN3AFAplERKNS_6stringEPKc,_Z18to_standard_stringN3AFA6stringE,.*AFA3map.*,.*MDL_Tree.*,_Z14Initialize_Mapv,_ZN6google8protobuf*,_ZN5boost4asio6detail1*,_ZN5beast* --promote-assumptions=false --instnamer --strip-debug --verify-after-all=true --sea-verifier-noop --log=debug-verifier

File exists, skipping seapp invocation

runsolver --rss-swap-limit 80000 /home/jkudersk/projects/build-seahorn/release/run/bin/seapp ./temps/llvm-dis.n.pp.bc -o ./temps/llvm-dis.n.pp.smc.bc --smc --sea-dsa-type-aware=false --smc-analyze-only --smc-check-threshold=400 --sea-dsa=butd-cs --smc-pta=dsa --sea-dsa-no-td-flow-sensitive-opt=true --sea-dsa-no-bu-flow-sensitive-opt=true --sea-dsa-no-td-copying-opt=true --print-smc-summary --log=brunch --log=brunch-progress --log=dsa-progress.off --log=smc.off --log=dsa.off --log=alloc-sites.off

runsolver version 3.4.0 (svn: 3018) Copyright (C) 2010-2013 Olivier ROUSSEL

This program is distributed in the hope that it will be useful,
but WITHOUT ANY WARRANTY; without even the implied warranty of
MERCHANTABILITY or FITNESS FOR A PARTICULAR PURPOSE.  See the
GNU General Public License for more details.

NUMA information:
  number of nodes: 2
  memory of node 0: 64409 MiB (17421 MiB free)
  memory of node 1: 64486 MiB (12921 MiB free)
  node distances:
     10  21
     21  10

command line: runsolver --rss-swap-limit 80000 /home/jkudersk/projects/build-seahorn/release/run/bin/seapp ./temps/llvm-dis.n.pp.bc -o ./temps/llvm-dis.n.pp.smc.bc --smc --sea-dsa-type-aware=false --smc-analyze-only --smc-check-threshold=400 --sea-dsa=butd-cs --smc-pta=dsa --sea-dsa-no-td-flow-sensitive-opt=true --sea-dsa-no-bu-flow-sensitive-opt=true --sea-dsa-no-td-copying-opt=true --print-smc-summary --log=brunch --log=brunch-progress --log=dsa-progress.off --log=smc.off --log=dsa.off --log=alloc-sites.off 

running on 36 cores: 0-9,20-29,10-19,30-31,36-39

Enforcing RSS+Swap limit (soft limit, will send SIGTERM then SIGKILL): 81920000 KiB
Linux 4.15.0-47-generic
solver pid=11777, runsolver pid=11776
Current StackSize limit: 8192 KiB


[startup+0.100057 s]*
/proc/loadavg: 0.98 0.45 0.22 2/912 11778
/proc/meminfo: memFree=31038936/131989204 swapFree=244396528/244398076
[pid=11777] ppid=11776 vsize=92232 memory=52704 CPUtime=0.11 cores=0-39
/proc/11777/stat : 11777 (seapp) R 11776 11777 30945 34824 9203 4194304 11057 0 0 0 10 1 0 0 20 0 1 0 131526101 94445568 13176 18446744073709551615 4194304 21388984 140726031476448 0 0 0 0 0 1098931967 0 0 0 17 21 0 0 0 0 0 23486544 23735464 46202880 140726031483459 140726031483927 140726031483927 140726031486908 0
/proc/11777/statm: 23058 13176 4066 4198 0 9241 0
Current children cumulated CPU time: 0.11 s
Current children cumulated vsize: 92232 KiB
Current children cumulated memory: 52704 KiB

[startup+0.2192 s]*
/proc/loadavg: 0.98 0.45 0.22 2/912 11778
/proc/meminfo: memFree=30997748/131989204 swapFree=244396528/244398076
[pid=11777] ppid=11776 vsize=130320 memory=93272 CPUtime=0.22 cores=0-39
/proc/11777/stat : 11777 (seapp) R 11776 11777 30945 34824 9203 4194304 22697 0 0 0 20 2 0 0 20 0 1 0 131526101 133447680 23318 18446744073709551615 4194304 21388984 140726031476448 0 0 0 0 0 1098931967 0 0 0 17 21 0 0 0 0 0 23486544 23735464 46202880 140726031483459 140726031483927 140726031483927 140726031486908 0
/proc/11777/statm: 32580 23318 4674 4198 0 18763 0
Current children cumulated CPU time: 0.22 s
Current children cumulated vsize: 130320 KiB
Current children cumulated memory: 93272 KiB

[startup+0.318705 s]*
/proc/loadavg: 0.98 0.45 0.22 3/910 11778
/proc/meminfo: memFree=30976712/131989204 swapFree=244396528/244398076
[pid=11777] ppid=11776 vsize=154240 memory=119392 CPUtime=0.32 cores=0-39
/proc/11777/stat : 11777 (seapp) R 11776 11777 30945 34824 9203 4194304 28718 0 0 0 29 3 0 0 20 0 1 0 131526101 157941760 29848 18446744073709551615 4194304 21388984 140726031476448 0 0 0 0 0 1098931967 0 0 0 17 21 0 0 0 0 0 23486544 23735464 46202880 140726031483459 140726031483927 140726031483927 140726031486908 0
/proc/11777/statm: 38560 29848 5234 4198 0 24743 0
Current children cumulated CPU time: 0.32 s
Current children cumulated vsize: 154240 KiB
Current children cumulated memory: 119392 KiB
BRUNCH_STAT PTA_KIND SeaDsa_BUTD
WARNING: 142373320 is allocating a new cell.
WARNING: 145324984 is allocating a new cell.
WARNING: 145328328 is allocating a new cell.
WARNING: 145331064 is allocating a new cell.
WARNING: 63345560 is allocating a new cell.
WARNING: 118969720 is allocating a new cell.
WARNING: 118969720 is allocating a new cell.
BRUNCH_PROGRESS BU_FUNCTIONS_PROCESSED_PERCENT 1 / 100
WARNING: 99805848 is allocating a new cell.
WARNING: 99795080 is allocating a new cell.
WARNING: 62793528 is allocating a new cell.
WARNING: 139443880 is allocating a new cell.
WARNING: 139443880 is allocating a new cell.
BRUNCH_PROGRESS BU_FUNCTIONS_PROCESSED_PERCENT 2 / 100
WARNING: 99795080 is allocating a new cell.
WARNING: 67700536 is allocating a new cell.
WARNING: 102957176 is allocating a new cell.
WARNING: 67700536 is allocating a new cell.
WARNING: 103113624 is allocating a new cell.
WARNING: 103113624 is allocating a new cell.
WARNING: 111932936 is allocating a new cell.
WARNING: 103113624 is allocating a new cell.
BRUNCH_PROGRESS BU_FUNCTIONS_PROCESSED_PERCENT 3 / 100
WARNING: 103527816 is allocating a new cell.
WARNING: 103787304 is allocating a new cell.
WARNING: 103787304 is allocating a new cell.
WARNING: 104209000 is allocating a new cell.
WARNING: 82878152 is allocating a new cell.
WARNING: 104209000 is allocating a new cell.
WARNING: 83470120 is allocating a new cell.
WARNING: 83703976 is allocating a new cell.
WARNING: 102958392 is allocating a new cell.
WARNING: 84317128 is allocating a new cell.
WARNING: 84521896 is allocating a new cell.
WARNING: 84714840 is allocating a new cell.
WARNING: 84910776 is allocating a new cell.
BRUNCH_PROGRESS BU_FUNCTIONS_PROCESSED_PERCENT 4 / 100
WARNING: 84910776 is allocating a new cell.

[startup+0.700254 s]
/proc/loadavg: 1.15 0.49 0.24 2/910 11810
/proc/meminfo: memFree=30963144/131989204 swapFree=244396528/244398076
[pid=11777] ppid=11776 vsize=176732 memory=146184 CPUtime=0.69 cores=0-39
/proc/11777/stat : 11777 (seapp) R 11776 11777 30945 34824 9203 4194304 37813 0 0 0 65 4 0 0 20 0 1 0 131526101 180973568 36546 18446744073709551615 4194304 21388984 140726031476448 0 0 0 0 0 1098931967 0 0 0 17 21 0 0 0 0 0 23486544 23735464 46202880 140726031483459 140726031483927 140726031483927 140726031486908 0
/proc/11777/statm: 44183 36546 3418 4198 0 33174 0
Current children cumulated CPU time: 0.69 s
Current children cumulated vsize: 176732 KiB
Current children cumulated memory: 146184 KiB
WARNING: 84910776 is allocating a new cell.
WARNING: 111271832 is allocating a new cell.
WARNING: 111504072 is allocating a new cell.
WARNING: 111739672 is allocating a new cell.
WARNING: 112352840 is allocating a new cell.
WARNING: 111739672 is allocating a new cell.
WARNING: 111739672 is allocating a new cell.
WARNING: 111739672 is allocating a new cell.
WARNING: 84959256 is allocating a new cell.
WARNING: 97186296 is allocating a new cell.
WARNING: 97186296 is allocating a new cell.
BRUNCH_PROGRESS BU_FUNCTIONS_PROCESSED_PERCENT 5 / 100
WARNING: 97186296 is allocating a new cell.
WARNING: 98587384 is allocating a new cell.
WARNING: 99751128 is allocating a new cell.
WARNING: 99752648 is allocating a new cell.
WARNING: 98888904 is allocating a new cell.
WARNING: 115176680 is allocating a new cell.
WARNING: 117709704 is allocating a new cell.
WARNING: 84975176 is allocating a new cell.
BRUNCH_PROGRESS BU_FUNCTIONS_PROCESSED_PERCENT 6 / 100
WARNING: 117529640 is allocating a new cell.
WARNING: 114580824 is allocating a new cell.
WARNING: 99795080 is allocating a new cell.
BRUNCH_PROGRESS BU_FUNCTIONS_PROCESSED_PERCENT 7 / 100
WARNING: 121713992 is allocating a new cell.
WARNING: 121713256 is allocating a new cell.
BRUNCH_PROGRESS BU_FUNCTIONS_PROCESSED_PERCENT 8 / 100
BRUNCH_PROGRESS BU_FUNCTIONS_PROCESSED_PERCENT 9 / 100
WARNING: 62959512 is allocating a new cell.
WARNING: 62963304 is allocating a new cell.
BRUNCH_PROGRESS BU_FUNCTIONS_PROCESSED_PERCENT 10 / 100
BRUNCH_PROGRESS BU_FUNCTIONS_PROCESSED_PERCENT 11 / 100
BRUNCH_PROGRESS BU_FUNCTIONS_PROCESSED_PERCENT 12 / 100
WARNING: 65625272 is allocating a new cell.
WARNING: 70398072 is allocating a new cell.
BRUNCH_PROGRESS BU_FUNCTIONS_PROCESSED_PERCENT 13 / 100
WARNING: 84974568 is allocating a new cell.
BRUNCH_PROGRESS BU_FUNCTIONS_PROCESSED_PERCENT 14 / 100
WARNING: 80866792 is allocating a new cell.
WARNING: 65607032 is allocating a new cell.
WARNING: 81220376 is allocating a new cell.
BRUNCH_PROGRESS BU_FUNCTIONS_PROCESSED_PERCENT 15 / 100
WARNING: 118969112 is allocating a new cell.
WARNING: 121263272 is allocating a new cell.
BRUNCH_PROGRESS BU_FUNCTIONS_PROCESSED_PERCENT 16 / 100
WARNING: 103113016 is allocating a new cell.
BRUNCH_PROGRESS BU_FUNCTIONS_PROCESSED_PERCENT 17 / 100
WARNING: 102956568 is allocating a new cell.
WARNING: 67701144 is allocating a new cell.
WARNING: 67715352 is allocating a new cell.
BRUNCH_PROGRESS BU_FUNCTIONS_PROCESSED_PERCENT 18 / 100
WARNING: 114596632 is allocating a new cell.
WARNING: 124286424 is allocating a new cell.
BRUNCH_PROGRESS BU_FUNCTIONS_PROCESSED_PERCENT 19 / 100
WARNING: 99710360 is allocating a new cell.
WARNING: 99710968 is allocating a new cell.
WARNING: 68709992 is allocating a new cell.
WARNING: 99213480 is allocating a new cell.
BRUNCH_PROGRESS BU_FUNCTIONS_PROCESSED_PERCENT 20 / 100
WARNING: 67701144 is allocating a new cell.
WARNING: 84958648 is allocating a new cell.
BRUNCH_PROGRESS BU_FUNCTIONS_PROCESSED_PERCENT 21 / 100
BRUNCH_PROGRESS BU_FUNCTIONS_PROCESSED_PERCENT 22 / 100
WARNING: 97338488 is allocating a new cell.
WARNING: 97354792 is allocating a new cell.
WARNING: 97203368 is allocating a new cell.
WARNING: 99178040 is allocating a new cell.
WARNING: 135162488 is allocating a new cell.
WARNING: 135941144 is allocating a new cell.
BRUNCH_PROGRESS BU_FUNCTIONS_PROCESSED_PERCENT 23 / 100
WARNING: 98623192 is allocating a new cell.
BRUNCH_PROGRESS BU_FUNCTIONS_PROCESSED_PERCENT 24 / 100
WARNING: 99197256 is allocating a new cell.
WARNING: 99154456 is allocating a new cell.
WARNING: 98904488 is allocating a new cell.
BRUNCH_PROGRESS BU_FUNCTIONS_PROCESSED_PERCENT 25 / 100
BRUNCH_PROGRESS BU_FUNCTIONS_PROCESSED_PERCENT 26 / 100
WARNING: 100457000 is allocating a new cell.
BRUNCH_PROGRESS BU_FUNCTIONS_PROCESSED_PERCENT 27 / 100
WARNING: 103204616 is allocating a new cell.
BRUNCH_PROGRESS BU_FUNCTIONS_PROCESSED_PERCENT 28 / 100
WARNING: 99508120 is allocating a new cell.
WARNING: 97203368 is allocating a new cell.
WARNING: 99630392 is allocating a new cell.
WARNING: 97203368 is allocating a new cell.
BRUNCH_PROGRESS BU_FUNCTIONS_PROCESSED_PERCENT 29 / 100
WARNING: 103113016 is allocating a new cell.
BRUNCH_PROGRESS BU_FUNCTIONS_PROCESSED_PERCENT 30 / 100
WARNING: 103186456 is allocating a new cell.
WARNING: 111932328 is allocating a new cell.
WARNING: 103113016 is allocating a new cell.
WARNING: 103527208 is allocating a new cell.
WARNING: 103602296 is allocating a new cell.
WARNING: 103786696 is allocating a new cell.
WARNING: 103860792 is allocating a new cell.
WARNING: 103786696 is allocating a new cell.
WARNING: 104208392 is allocating a new cell.
BRUNCH_PROGRESS BU_FUNCTIONS_PROCESSED_PERCENT 31 / 100
WARNING: 82873416 is allocating a new cell.
WARNING: 104208392 is allocating a new cell.
WARNING: 83469512 is allocating a new cell.
WARNING: 83703368 is allocating a new cell.
WARNING: 83784664 is allocating a new cell.
WARNING: 102957784 is allocating a new cell.
BRUNCH_PROGRESS BU_FUNCTIONS_PROCESSED_PERCENT 32 / 100
WARNING: 84316520 is allocating a new cell.
WARNING: 84521288 is allocating a new cell.
WARNING: 84714232 is allocating a new cell.
WARNING: 84910168 is allocating a new cell.
WARNING: 84910168 is allocating a new cell.
WARNING: 84910168 is allocating a new cell.
WARNING: 111271224 is allocating a new cell.
WARNING: 111503464 is allocating a new cell.
BRUNCH_PROGRESS BU_FUNCTIONS_PROCESSED_PERCENT 33 / 100
WARNING: 111739064 is allocating a new cell.
WARNING: 112352232 is allocating a new cell.
WARNING: 111739064 is allocating a new cell.
WARNING: 111739064 is allocating a new cell.
WARNING: 111739064 is allocating a new cell.
BRUNCH_PROGRESS BU_FUNCTIONS_PROCESSED_PERCENT 34 / 100
WARNING: 88540824 is allocating a new cell.
BRUNCH_PROGRESS BU_FUNCTIONS_PROCESSED_PERCENT 35 / 100
BRUNCH_PROGRESS BU_FUNCTIONS_PROCESSED_PERCENT 36 / 100
BRUNCH_PROGRESS BU_FUNCTIONS_PROCESSED_PERCENT 37 / 100
BRUNCH_PROGRESS BU_FUNCTIONS_PROCESSED_PERCENT 38 / 100
BRUNCH_PROGRESS BU_FUNCTIONS_PROCESSED_PERCENT 39 / 100

[startup+1.50025 s]
/proc/loadavg: 1.15 0.49 0.24 2/910 11810
/proc/meminfo: memFree=30884276/131989204 swapFree=244396528/244398076
[pid=11777] ppid=11776 vsize=234452 memory=203736 CPUtime=1.49 cores=0-39
/proc/11777/stat : 11777 (seapp) R 11776 11777 30945 34824 9203 4194304 52203 0 0 0 141 8 0 0 20 0 1 0 131526101 240078848 50934 18446744073709551615 4194304 21388984 140726031476448 0 0 0 0 0 1098931967 0 0 0 17 21 0 0 0 0 0 23486544 23735464 46202880 140726031483459 140726031483927 140726031483927 140726031486908 0
/proc/11777/statm: 58613 50934 3418 4198 0 47604 0
Current children cumulated CPU time: 1.49 s
Current children cumulated vsize: 234452 KiB
Current children cumulated memory: 203736 KiB
WARNING: 80928328 is allocating a new cell.
BRUNCH_PROGRESS BU_FUNCTIONS_PROCESSED_PERCENT 40 / 100
BRUNCH_PROGRESS BU_FUNCTIONS_PROCESSED_PERCENT 41 / 100
BRUNCH_PROGRESS BU_FUNCTIONS_PROCESSED_PERCENT 42 / 100
WARNING: 116904088 is allocating a new cell.
WARNING: 118804872 is allocating a new cell.
WARNING: 123355032 is allocating a new cell.
WARNING: 113510264 is allocating a new cell.
BRUNCH_PROGRESS BU_FUNCTIONS_PROCESSED_PERCENT 43 / 100
WARNING: 138384264 is allocating a new cell.
BRUNCH_PROGRESS BU_FUNCTIONS_PROCESSED_PERCENT 44 / 100
BRUNCH_PROGRESS BU_FUNCTIONS_PROCESSED_PERCENT 45 / 100
BRUNCH_PROGRESS BU_FUNCTIONS_PROCESSED_PERCENT 46 / 100
BRUNCH_PROGRESS BU_FUNCTIONS_PROCESSED_PERCENT 47 / 100
WARNING: 96447272 is allocating a new cell.
WARNING: 96475640 is allocating a new cell.
BRUNCH_PROGRESS BU_FUNCTIONS_PROCESSED_PERCENT 48 / 100
WARNING: 118895064 is allocating a new cell.
WARNING: 115332264 is allocating a new cell.
WARNING: 115348984 is allocating a new cell.
BRUNCH_PROGRESS BU_FUNCTIONS_PROCESSED_PERCENT 49 / 100
WARNING: 115298024 is allocating a new cell.
WARNING: 115192264 is allocating a new cell.
BRUNCH_PROGRESS BU_FUNCTIONS_PROCESSED_PERCENT 50 / 100
WARNING: 79230040 is allocating a new cell.
WARNING: 80484872 is allocating a new cell.
BRUNCH_PROGRESS BU_FUNCTIONS_PROCESSED_PERCENT 51 / 100
BRUNCH_PROGRESS BU_FUNCTIONS_PROCESSED_PERCENT 52 / 100
WARNING: 80866792 is allocating a new cell.
WARNING: 80928328 is allocating a new cell.
BRUNCH_PROGRESS BU_FUNCTIONS_PROCESSED_PERCENT 53 / 100
BRUNCH_PROGRESS BU_FUNCTIONS_PROCESSED_PERCENT 54 / 100
WARNING: 68420552 is allocating a new cell.
WARNING: 68419944 is allocating a new cell.
BRUNCH_PROGRESS BU_FUNCTIONS_PROCESSED_PERCENT 55 / 100
WARNING: 122420344 is allocating a new cell.
BRUNCH_PROGRESS BU_FUNCTIONS_PROCESSED_PERCENT 56 / 100
WARNING: 122431624 is allocating a new cell.
WARNING: 122443992 is allocating a new cell.
BRUNCH_PROGRESS BU_FUNCTIONS_PROCESSED_PERCENT 57 / 100
BRUNCH_PROGRESS BU_FUNCTIONS_PROCESSED_PERCENT 58 / 100
BRUNCH_PROGRESS BU_FUNCTIONS_PROCESSED_PERCENT 59 / 100

[startup+3.12056 s]
/proc/loadavg: 1.15 0.49 0.24 2/910 11854
/proc/meminfo: memFree=30759768/131989204 swapFree=244396528/244398076
[pid=11777] ppid=11776 vsize=357980 memory=325704 CPUtime=3.11 cores=0-39
/proc/11777/stat : 11777 (seapp) R 11776 11777 30945 34824 9203 4194304 82670 0 0 0 295 16 0 0 20 0 1 0 131526101 366571520 81426 18446744073709551615 4194304 21388984 140726031476448 0 0 0 0 0 1098931967 0 0 0 17 21 0 0 0 0 0 23486544 23735464 46202880 140726031483459 140726031483927 140726031483927 140726031486908 0
/proc/11777/statm: 89495 81426 3418 4198 0 78486 0
Current children cumulated CPU time: 3.11 s
Current children cumulated vsize: 357980 KiB
Current children cumulated memory: 325704 KiB
WARNING: 125620264 is allocating a new cell.
WARNING: 102958392 is allocating a new cell.
WARNING: 125652424 is allocating a new cell.
WARNING: 125683192 is allocating a new cell.
WARNING: 82623480 is allocating a new cell.
BRUNCH_PROGRESS BU_FUNCTIONS_PROCESSED_PERCENT 60 / 100
WARNING: 82621992 is allocating a new cell.
WARNING: 73634216 is allocating a new cell.
WARNING: 84991000 is allocating a new cell.
WARNING: 85036456 is allocating a new cell.
BRUNCH_PROGRESS BU_FUNCTIONS_PROCESSED_PERCENT 61 / 100
WARNING: 84990392 is allocating a new cell.
WARNING: 87158632 is allocating a new cell.
BRUNCH_PROGRESS BU_FUNCTIONS_PROCESSED_PERCENT 62 / 100
BRUNCH_PROGRESS BU_FUNCTIONS_PROCESSED_PERCENT 63 / 100
BRUNCH_PROGRESS BU_FUNCTIONS_PROCESSED_PERCENT 64 / 100
BRUNCH_PROGRESS BU_FUNCTIONS_PROCESSED_PERCENT 65 / 100
BRUNCH_PROGRESS BU_FUNCTIONS_PROCESSED_PERCENT 66 / 100
WARNING: 85762296 is allocating a new cell.
WARNING: 85035848 is allocating a new cell.
BRUNCH_PROGRESS BU_FUNCTIONS_PROCESSED_PERCENT 67 / 100
BRUNCH_PROGRESS BU_FUNCTIONS_PROCESSED_PERCENT 68 / 100
BRUNCH_PROGRESS BU_FUNCTIONS_PROCESSED_PERCENT 69 / 100
WARNING: 132303384 is allocating a new cell.
BRUNCH_PROGRESS BU_FUNCTIONS_PROCESSED_PERCENT 70 / 100
WARNING: 128217928 is allocating a new cell.
WARNING: 139522904 is allocating a new cell.
WARNING: 128215128 is allocating a new cell.
WARNING: 125651816 is allocating a new cell.
BRUNCH_PROGRESS BU_FUNCTIONS_PROCESSED_PERCENT 71 / 100
WARNING: 102957784 is allocating a new cell.
BRUNCH_PROGRESS BU_FUNCTIONS_PROCESSED_PERCENT 72 / 100
WARNING: 125619656 is allocating a new cell.
WARNING: 134191688 is allocating a new cell.
BRUNCH_PROGRESS BU_FUNCTIONS_PROCESSED_PERCENT 73 / 100
BRUNCH_PROGRESS BU_FUNCTIONS_PROCESSED_PERCENT 74 / 100
BRUNCH_PROGRESS BU_FUNCTIONS_PROCESSED_PERCENT 75 / 100
BRUNCH_PROGRESS BU_FUNCTIONS_PROCESSED_PERCENT 76 / 100
BRUNCH_PROGRESS BU_FUNCTIONS_PROCESSED_PERCENT 77 / 100
BRUNCH_PROGRESS BU_FUNCTIONS_PROCESSED_PERCENT 78 / 100
WARNING: 125682584 is allocating a new cell.
BRUNCH_PROGRESS BU_FUNCTIONS_PROCESSED_PERCENT 79 / 100
BRUNCH_PROGRESS BU_FUNCTIONS_PROCESSED_PERCENT 80 / 100

[startup+6.30019 s]
/proc/loadavg: 1.29 0.54 0.25 2/910 11912
/proc/meminfo: memFree=29995096/131989204 swapFree=244396528/244398076
[pid=11777] ppid=11776 vsize=1257844 memory=1210632 CPUtime=6.29 cores=0-39
/proc/11777/stat : 11777 (seapp) R 11776 11777 30945 34824 9203 4194304 303887 0 0 0 579 50 0 0 20 0 1 0 131526101 1288032256 302592 18446744073709551615 4194304 21388984 140726031476448 0 0 0 0 0 1098931967 0 0 0 17 21 0 0 0 0 0 23486544 23735464 46202880 140726031483459 140726031483927 140726031483927 140726031486908 0
/proc/11777/statm: 314461 302592 3418 4198 0 303452 0
Current children cumulated CPU time: 6.29 s
Current children cumulated vsize: 1257844 KiB
Current children cumulated memory: 1210632 KiB
BRUNCH_PROGRESS BU_FUNCTIONS_PROCESSED_PERCENT 81 / 100
BRUNCH_PROGRESS BU_FUNCTIONS_PROCESSED_PERCENT 82 / 100
WARNING: 70398072 is allocating a new cell.
WARNING: 73634216 is allocating a new cell.
BRUNCH_PROGRESS BU_FUNCTIONS_PROCESSED_PERCENT 83 / 100
BRUNCH_PROGRESS BU_FUNCTIONS_PROCESSED_PERCENT 84 / 100
WARNING: 66946072 is allocating a new cell.
BRUNCH_PROGRESS BU_FUNCTIONS_PROCESSED_PERCENT 85 / 100
BRUNCH_PROGRESS BU_FUNCTIONS_PROCESSED_PERCENT 86 / 100
WARNING: 76308840 is allocating a new cell.
BRUNCH_PROGRESS BU_FUNCTIONS_PROCESSED_PERCENT 87 / 100
BRUNCH_PROGRESS BU_FUNCTIONS_PROCESSED_PERCENT 88 / 100
BRUNCH_PROGRESS BU_FUNCTIONS_PROCESSED_PERCENT 89 / 100
BRUNCH_PROGRESS BU_FUNCTIONS_PROCESSED_PERCENT 90 / 100
BRUNCH_PROGRESS BU_FUNCTIONS_PROCESSED_PERCENT 91 / 100
BRUNCH_PROGRESS BU_FUNCTIONS_PROCESSED_PERCENT 92 / 100
BRUNCH_PROGRESS BU_FUNCTIONS_PROCESSED_PERCENT 93 / 100
WARNING: 145386520 is allocating a new cell.
BRUNCH_PROGRESS BU_FUNCTIONS_PROCESSED_PERCENT 94 / 100
WARNING: 138403256 is allocating a new cell.
WARNING: 99805848 is allocating a new cell.
BRUNCH_PROGRESS BU_FUNCTIONS_PROCESSED_PERCENT 95 / 100
WARNING: 138717464 is allocating a new cell.
WARNING: 118969112 is allocating a new cell.
BRUNCH_PROGRESS BU_FUNCTIONS_PROCESSED_PERCENT 96 / 100
BRUNCH_PROGRESS BU_FUNCTIONS_PROCESSED_PERCENT 97 / 100
BRUNCH_PROGRESS BU_FUNCTIONS_PROCESSED_PERCENT 98 / 100
BRUNCH_PROGRESS BU_FUNCTIONS_PROCESSED_PERCENT 99 / 100
BRUNCH_PROGRESS BU_FUNCTIONS_PROCESSED_PERCENT 100 / 100
BRUNCH_STAT SEA_TIME_LOCAL_MS 481
BRUNCH_STAT SEA_TIME_BU_AND_LOCAL_MS 6203
BRUNCH_PROGRESS TD_FUNCTIONS_PROCESSED_PERCENT 1 / 100

[startup+12.7002 s]
/proc/loadavg: 1.35 0.56 0.26 2/910 12041
/proc/meminfo: memFree=27478536/131989204 swapFree=244396528/244398076
[pid=11777] ppid=11776 vsize=4005536 memory=3915048 CPUtime=12.69 cores=0-39
/proc/11777/stat : 11777 (seapp) R 11776 11777 30945 34824 9203 4194304 980023 0 0 0 1100 169 0 0 20 0 1 0 131526101 4101668864 978762 18446744073709551615 4194304 21388984 140726031476448 0 0 0 0 0 1098931967 0 0 0 17 21 0 0 0 0 0 23486544 23735464 46202880 140726031483459 140726031483927 140726031483927 140726031486908 0
/proc/11777/statm: 1001384 978762 3418 4198 0 990375 0
Current children cumulated CPU time: 12.69 s
Current children cumulated vsize: 4005536 KiB
Current children cumulated memory: 3915048 KiB
BRUNCH_PROGRESS TD_FUNCTIONS_PROCESSED_PERCENT 2 / 100
BRUNCH_PROGRESS TD_FUNCTIONS_PROCESSED_PERCENT 3 / 100
BRUNCH_PROGRESS TD_FUNCTIONS_PROCESSED_PERCENT 4 / 100

[startup+25.5002 s]
/proc/loadavg: 1.30 0.57 0.27 2/910 12314
/proc/meminfo: memFree=22058312/131989204 swapFree=244396528/244398076
[pid=11777] ppid=11776 vsize=9402304 memory=9238872 CPUtime=25.48 cores=0-39
/proc/11777/stat : 11777 (seapp) R 11776 11777 30945 34824 9203 4194304 2310991 0 0 0 2159 389 0 0 20 0 1 0 131526101 9627959296 2309718 18446744073709551615 4194304 21388984 140726031476448 0 0 0 0 0 1098931967 0 0 0 17 21 0 0 0 0 0 23486544 23735464 46202880 140726031483459 140726031483927 140726031483927 140726031486908 0
/proc/11777/statm: 2350576 2309718 3418 4198 0 2339567 0
Current children cumulated CPU time: 25.48 s
Current children cumulated vsize: 9402304 KiB
Current children cumulated memory: 9238872 KiB
BRUNCH_PROGRESS TD_FUNCTIONS_PROCESSED_PERCENT 5 / 100
BRUNCH_PROGRESS TD_FUNCTIONS_PROCESSED_PERCENT 6 / 100
BRUNCH_PROGRESS TD_FUNCTIONS_PROCESSED_PERCENT 7 / 100
BRUNCH_PROGRESS TD_FUNCTIONS_PROCESSED_PERCENT 8 / 100
BRUNCH_PROGRESS TD_FUNCTIONS_PROCESSED_PERCENT 9 / 100
BRUNCH_PROGRESS TD_FUNCTIONS_PROCESSED_PERCENT 10 / 100

[startup+51.1204 s]
/proc/loadavg: 1.25 0.63 0.30 3/910 12892
/proc/meminfo: memFree=11184456/131989204 swapFree=244396528/244398076
[pid=11777] ppid=11776 vsize=20229072 memory=19917604 CPUtime=51.11 cores=0-39
/proc/11777/stat : 11777 (seapp) R 11776 11777 30945 34824 9203 4194304 4986814 0 0 0 4257 854 0 0 20 0 1 0 131526101 20714569728 4979401 18446744073709551615 4194304 21388984 140726031476448 0 0 0 0 0 1098931967 0 0 0 17 21 0 0 0 0 0 23486544 23735464 46202880 140726031483459 140726031483927 140726031483927 140726031486908 0
/proc/11777/statm: 5057301 4979401 3418 4198 0 5046292 0
Current children cumulated CPU time: 51.11 s
Current children cumulated vsize: 20229072 KiB
Current children cumulated memory: 19917604 KiB
BRUNCH_PROGRESS TD_FUNCTIONS_PROCESSED_PERCENT 11 / 100
BRUNCH_PROGRESS TD_FUNCTIONS_PROCESSED_PERCENT 12 / 100
BRUNCH_PROGRESS TD_FUNCTIONS_PROCESSED_PERCENT 13 / 100
BRUNCH_PROGRESS TD_FUNCTIONS_PROCESSED_PERCENT 14 / 100
BRUNCH_PROGRESS TD_FUNCTIONS_PROCESSED_PERCENT 15 / 100
BRUNCH_PROGRESS TD_FUNCTIONS_PROCESSED_PERCENT 16 / 100
BRUNCH_PROGRESS TD_FUNCTIONS_PROCESSED_PERCENT 17 / 100
BRUNCH_PROGRESS TD_FUNCTIONS_PROCESSED_PERCENT 18 / 100
BRUNCH_PROGRESS TD_FUNCTIONS_PROCESSED_PERCENT 19 / 100
BRUNCH_PROGRESS TD_FUNCTIONS_PROCESSED_PERCENT 20 / 100

[startup+102.3 s]
/proc/loadavg: 1.11 0.69 0.34 2/912 14052
/proc/meminfo: memFree=2210984/131989204 swapFree=244395760/244398076
[pid=11777] ppid=11776 vsize=38711392 memory=38130404 CPUtime=102.29 cores=0-39
/proc/11777/stat : 11777 (seapp) R 11776 11777 30945 34824 9203 4194304 9578186 0 0 0 8354 1875 0 0 20 0 1 0 131526101 39640465408 9532601 18446744073709551615 4194304 21388984 140726031476448 0 0 0 0 0 1098931967 0 0 0 17 10 0 0 0 0 0 23486544 23735464 46202880 140726031483459 140726031483927 140726031483927 140726031486908 0
/proc/11777/statm: 9677848 9532601 3418 4198 0 9666839 0
Current children cumulated CPU time: 102.29 s
Current children cumulated vsize: 38711392 KiB
Current children cumulated memory: 38130404 KiB
BRUNCH_PROGRESS TD_FUNCTIONS_PROCESSED_PERCENT 21 / 100
BRUNCH_PROGRESS TD_FUNCTIONS_PROCESSED_PERCENT 22 / 100
BRUNCH_PROGRESS TD_FUNCTIONS_PROCESSED_PERCENT 23 / 100
BRUNCH_PROGRESS TD_FUNCTIONS_PROCESSED_PERCENT 24 / 100
BRUNCH_PROGRESS TD_FUNCTIONS_PROCESSED_PERCENT 25 / 100
BRUNCH_PROGRESS TD_FUNCTIONS_PROCESSED_PERCENT 26 / 100
BRUNCH_PROGRESS TD_FUNCTIONS_PROCESSED_PERCENT 27 / 100
BRUNCH_PROGRESS TD_FUNCTIONS_PROCESSED_PERCENT 28 / 100
BRUNCH_PROGRESS TD_FUNCTIONS_PROCESSED_PERCENT 29 / 100
BRUNCH_PROGRESS TD_FUNCTIONS_PROCESSED_PERCENT 30 / 100
BRUNCH_PROGRESS TD_FUNCTIONS_PROCESSED_PERCENT 31 / 100
BRUNCH_PROGRESS TD_FUNCTIONS_PROCESSED_PERCENT 32 / 100
BRUNCH_PROGRESS TD_FUNCTIONS_PROCESSED_PERCENT 33 / 100

[startup+162.3 s]
/proc/loadavg: 1.20 0.78 0.39 4/914 15417
/proc/meminfo: memFree=11362096/131989204 swapFree=244395760/244398076
[pid=11777] ppid=11776 vsize=60517832 memory=59553424 CPUtime=162.28 cores=0-39
/proc/11777/stat : 11777 (seapp) R 11776 11777 30945 34824 9203 4194304 15314586 0 0 0 13225 3003 0 0 20 0 1 0 131526101 61970259968 14888290 18446744073709551615 4194304 21388984 140726031476448 0 0 0 0 0 1098931967 0 0 0 17 0 0 0 0 0 0 23486544 23735464 46202880 140726031483459 140726031483927 140726031483927 140726031486908 0
/proc/11777/statm: 15129458 14888290 3418 4198 0 15118449 0
Current children cumulated CPU time: 162.28 s
Current children cumulated vsize: 60517832 KiB
Current children cumulated memory: 59553424 KiB
BRUNCH_PROGRESS TD_FUNCTIONS_PROCESSED_PERCENT 34 / 100
BRUNCH_PROGRESS TD_FUNCTIONS_PROCESSED_PERCENT 35 / 100
BRUNCH_PROGRESS TD_FUNCTIONS_PROCESSED_PERCENT 36 / 100
BRUNCH_PROGRESS TD_FUNCTIONS_PROCESSED_PERCENT 37 / 100
BRUNCH_PROGRESS TD_FUNCTIONS_PROCESSED_PERCENT 38 / 100
BRUNCH_PROGRESS TD_FUNCTIONS_PROCESSED_PERCENT 39 / 100
BRUNCH_PROGRESS TD_FUNCTIONS_PROCESSED_PERCENT 40 / 100
BRUNCH_PROGRESS TD_FUNCTIONS_PROCESSED_PERCENT 41 / 100
BRUNCH_PROGRESS TD_FUNCTIONS_PROCESSED_PERCENT 42 / 100
BRUNCH_PROGRESS TD_FUNCTIONS_PROCESSED_PERCENT 43 / 100
BRUNCH_PROGRESS TD_FUNCTIONS_PROCESSED_PERCENT 44 / 100
BRUNCH_PROGRESS TD_FUNCTIONS_PROCESSED_PERCENT 45 / 100
BRUNCH_PROGRESS TD_FUNCTIONS_PROCESSED_PERCENT 46 / 100

[startup+222.3 s]
/proc/loadavg: 1.22 0.86 0.45 2/912 16742
/proc/meminfo: memFree=31248556/131989204 swapFree=244395760/244398076
[pid=11777] ppid=11776 vsize=80082684 memory=78806440 CPUtime=222.28 cores=0-39
/proc/11777/stat : 11777 (seapp) R 11776 11777 30945 34824 9203 4194304 20862581 0 0 0 18101 4127 0 0 20 0 1 0 131526101 82004668416 19701610 18446744073709551615 4194304 21388984 140726031476448 0 0 0 0 0 1098931967 0 0 0 17 0 0 0 0 0 0 23486544 23735464 46202880 140726031483459 140726031483927 140726031483927 140726031486908 0
/proc/11777/statm: 20020671 19701610 3418 4198 0 20009662 0
Current children cumulated CPU time: 222.28 s
Current children cumulated vsize: 80082684 KiB
Current children cumulated memory: 78806440 KiB
BRUNCH_PROGRESS TD_FUNCTIONS_PROCESSED_PERCENT 47 / 100
BRUNCH_PROGRESS TD_FUNCTIONS_PROCESSED_PERCENT 48 / 100



Maximum memory exceeded: sending SIGTERM then SIGKILL

[startup+230.8 s]
/proc/loadavg: 1.20 0.86 0.45 2/912 16922
/proc/meminfo: memFree=28209104/131989204 swapFree=244395760/244398076
[pid=11777] ppid=11776 vsize=83266700 memory=81937236 CPUtime=230.78 cores=0-39
/proc/11777/stat : 11777 (seapp) R 11776 11777 30945 34824 9203 4194304 21732942 0 0 0 18803 4275 0 0 20 0 1 0 131526101 85265100800 20484309 18446744073709551615 4194304 21388984 140726031476448 0 0 0 0 0 1098931967 0 0 0 17 0 0 0 0 0 0 23486544 23735464 46202880 140726031483459 140726031483927 140726031483927 140726031486908 0
/proc/11777/statm: 20816675 20484309 3418 4198 0 20805666 0
Current children cumulated CPU time: 230.78 s
Current children cumulated vsize: 83266700 KiB
Current children cumulated memory: 81937236 KiB

Sending SIGTERM to process tree (bottom up)
Sleeping 2 seconds

Sending SIGKILL to process tree (bottom up)
??? end of watcher thread

[startup+235.463 s]
# the end of solver process 11777 was just reported to runsolver
# cumulated CPU time of all completed processes:  user=188.039 s, system=47.4098 s

Solver just ended.
Dumping a history of the last processes samples

[startup+232 s]*
/proc/loadavg: 1.18 0.86 0.45 2/912 16964
/proc/meminfo: memFree=52705556/131989204 swapFree=244395760/244398076
Current children cumulated CPU time: 0 s
Current children cumulated vsize: 0 KiB
Current children cumulated memory: 0 KiB

[startup+232.4 s]
/proc/loadavg: 1.18 0.86 0.45 2/912 16964
/proc/meminfo: memFree=52705556/131989204 swapFree=244395760/244398076
Current children cumulated CPU time: 0 s
Current children cumulated vsize: 0 KiB
Current children cumulated memory: 0 KiB

[startup+232.8 s]
/proc/loadavg: 1.18 0.86 0.45 2/912 16964
/proc/meminfo: memFree=52705556/131989204 swapFree=244395760/244398076
Current children cumulated CPU time: 0 s
Current children cumulated vsize: 0 KiB
Current children cumulated memory: 0 KiB

Child ended because it received signal 15 (SIGTERM)
Real time (s): 235.463
CPU time (s): 235.449
CPU user time (s): 188.039
CPU system time (s): 47.4098
CPU usage (%): 99.9941
Max. virtual memory (cumulated for all children) (KiB): 83266700
Max. memory (cumulated for all children) (KiB): 81937236

getrusage(RUSAGE_CHILDREN,...) data:
user time used= 188.039
system time used= 47.4098
maximum resident set size= 81937340
integral shared memory size= 0
integral unshared data size= 0
integral unshared stack size= 0
page reclaims= 21732949
page faults= 0
swaps= 0
block input operations= 0
block output operations= 72
messages sent= 0
messages received= 0
signals received= 0
voluntary context switches= 1
involuntary context switches= 982


# summary of solver processes directly reported to runsolver:
#   pid: 11777
#   total CPU time (s): 235.449
#   total CPU user time (s): 188.039
#   total CPU system time (s): 47.4098

??? end of timestamper thread
runsolver used 2.15717 second user time and 3.13397 second system time

The end
BRUNCH_STAT TOTAL_TIME_SMC_MS 235491
BRUNCH_STAT ORIGINAL_BITCODE_NAME llvm-dis.bc
BRUNCH_STAT ORIGINAL_BITCODE_SIZE_KB 18672
BRUNCH_STAT FINAL_BITCODE_NAME llvm-dis.n.pp.bc
BRUNCH_STAT FINAL_BITCODE_SIZE_KB 11232
BRUNCH_STAT EXPERIMENT_TIME 19/05/23-22:48:08
