tmux.bc false dsa true
BITCODE:tmux.bc
SEAHORN_DIR=/home/jkudersk/projects/build-seahorn/release/run/bin
PWD=/home/jkudersk/projects/points-to-bitcode/5.0/tmux
PTA=dsa


/home/jkudersk/projects/build-seahorn/release/run/bin/seaopt tmux.bc -O1 -o ./temps/tmux.n.bc

File already exists, skipping seaopt invocation
/home/jkudersk/projects/build-seahorn/release/run/bin/seapp ./temps/tmux.n.bc -o ./temps/tmux.n.pp.bc --lower-invoke --devirt-functions --unfold-loops-for-dsa=false --simplify-pointer-loops --horn-inline-constructors --horn-inline-allocators --log=extern.off --kill-vaarg=true --externalize-addr-taken-funcs=true --promote-bool-loads=true --lower-switch=false --externalize-function=.*AFA6string.*,_ZN3AFAplERKNS_6stringES2_,_ZN3AFAplEPKcRKNS_6stringE,_ZN3AFAplERKNS_6stringEPKc,_Z18to_standard_stringN3AFA6stringE,.*AFA3map.*,.*MDL_Tree.*,_Z14Initialize_Mapv,_ZN6google8protobuf*,_ZN5boost4asio6detail1*,_ZN5beast* --promote-assumptions=false --instnamer --strip-debug --verify-after-all=true --sea-verifier-noop --log=debug-verifier

File exists, skipping seapp invocation

runsolver --rss-swap-limit 80000 /home/jkudersk/projects/build-seahorn/release/run/bin/seapp ./temps/tmux.n.pp.bc -o ./temps/tmux.n.pp.smc.bc --smc --sea-dsa-type-aware=false --smc-analyze-only --smc-check-threshold=400 --sea-dsa=butd-cs --smc-pta=dsa --sea-dsa-no-td-flow-sensitive-opt=true --sea-dsa-no-bu-flow-sensitive-opt=true --sea-dsa-no-td-copying-opt=true --print-smc-summary --log=brunch --log=brunch-progress --log=dsa-progress.off --log=smc.off --log=dsa.off --log=alloc-sites.off

runsolver version 3.4.0 (svn: 3018) Copyright (C) 2010-2013 Olivier ROUSSEL

This program is distributed in the hope that it will be useful,
but WITHOUT ANY WARRANTY; without even the implied warranty of
MERCHANTABILITY or FITNESS FOR A PARTICULAR PURPOSE.  See the
GNU General Public License for more details.

NUMA information:
  number of nodes: 2
  memory of node 0: 64409 MiB (5182 MiB free)
  memory of node 1: 64486 MiB (7155 MiB free)
  node distances:
     10  21
     21  10

command line: runsolver --rss-swap-limit 80000 /home/jkudersk/projects/build-seahorn/release/run/bin/seapp ./temps/tmux.n.pp.bc -o ./temps/tmux.n.pp.smc.bc --smc --sea-dsa-type-aware=false --smc-analyze-only --smc-check-threshold=400 --sea-dsa=butd-cs --smc-pta=dsa --sea-dsa-no-td-flow-sensitive-opt=true --sea-dsa-no-bu-flow-sensitive-opt=true --sea-dsa-no-td-copying-opt=true --print-smc-summary --log=brunch --log=brunch-progress --log=dsa-progress.off --log=smc.off --log=dsa.off --log=alloc-sites.off 

running on 36 cores: 0-9,20-29,10-19,30-31,36-39

Enforcing RSS+Swap limit (soft limit, will send SIGTERM then SIGKILL): 81920000 KiB
Linux 4.15.0-47-generic
Current StackSize limit: 8192 KiB
solver pid=9617, runsolver pid=9616


[startup+0.100058 s]*
/proc/loadavg: 0.46 0.20 0.12 2/910 9618
/proc/meminfo: memFree=12608804/131989204 swapFree=244396784/244398076
[pid=9617] ppid=9616 vsize=71784 memory=38844 CPUtime=0.1 cores=0-39
/proc/9617/stat : 9617 (seapp) R 9616 9617 30945 34824 9203 4194304 8010 0 0 0 9 1 0 0 20 0 1 0 131516961 73506816 9711 18446744073709551615 4194304 21388984 140726375016704 0 0 0 0 0 1098931967 0 0 0 17 8 0 0 0 0 0 23486544 23735464 46952448 140726375023184 140726375023644 140726375023644 140726375026620 0
/proc/9617/statm: 17946 9711 2862 4198 0 6937 0
Current children cumulated CPU time: 0.1 s
Current children cumulated vsize: 71784 KiB
Current children cumulated memory: 38844 KiB
BRUNCH_STAT PTA_KIND SeaDsa_BUTD
BRUNCH_PROGRESS BU_FUNCTIONS_PROCESSED_PERCENT 1 / 100
BRUNCH_PROGRESS BU_FUNCTIONS_PROCESSED_PERCENT 2 / 100
BRUNCH_PROGRESS BU_FUNCTIONS_PROCESSED_PERCENT 3 / 100
BRUNCH_PROGRESS BU_FUNCTIONS_PROCESSED_PERCENT 4 / 100
BRUNCH_PROGRESS BU_FUNCTIONS_PROCESSED_PERCENT 5 / 100
BRUNCH_PROGRESS BU_FUNCTIONS_PROCESSED_PERCENT 6 / 100
BRUNCH_PROGRESS BU_FUNCTIONS_PROCESSED_PERCENT 7 / 100
BRUNCH_PROGRESS BU_FUNCTIONS_PROCESSED_PERCENT 8 / 100
BRUNCH_PROGRESS BU_FUNCTIONS_PROCESSED_PERCENT 9 / 100
BRUNCH_PROGRESS BU_FUNCTIONS_PROCESSED_PERCENT 10 / 100
BRUNCH_PROGRESS BU_FUNCTIONS_PROCESSED_PERCENT 11 / 100
BRUNCH_PROGRESS BU_FUNCTIONS_PROCESSED_PERCENT 12 / 100
BRUNCH_PROGRESS BU_FUNCTIONS_PROCESSED_PERCENT 13 / 100
BRUNCH_PROGRESS BU_FUNCTIONS_PROCESSED_PERCENT 14 / 100
BRUNCH_PROGRESS BU_FUNCTIONS_PROCESSED_PERCENT 15 / 100
BRUNCH_PROGRESS BU_FUNCTIONS_PROCESSED_PERCENT 16 / 100
BRUNCH_PROGRESS BU_FUNCTIONS_PROCESSED_PERCENT 17 / 100
BRUNCH_PROGRESS BU_FUNCTIONS_PROCESSED_PERCENT 18 / 100
BRUNCH_PROGRESS BU_FUNCTIONS_PROCESSED_PERCENT 19 / 100
BRUNCH_PROGRESS BU_FUNCTIONS_PROCESSED_PERCENT 20 / 100
BRUNCH_PROGRESS BU_FUNCTIONS_PROCESSED_PERCENT 21 / 100
BRUNCH_PROGRESS BU_FUNCTIONS_PROCESSED_PERCENT 22 / 100
BRUNCH_PROGRESS BU_FUNCTIONS_PROCESSED_PERCENT 23 / 100
BRUNCH_PROGRESS BU_FUNCTIONS_PROCESSED_PERCENT 24 / 100
BRUNCH_PROGRESS BU_FUNCTIONS_PROCESSED_PERCENT 25 / 100
BRUNCH_PROGRESS BU_FUNCTIONS_PROCESSED_PERCENT 26 / 100
BRUNCH_PROGRESS BU_FUNCTIONS_PROCESSED_PERCENT 27 / 100
BRUNCH_PROGRESS BU_FUNCTIONS_PROCESSED_PERCENT 28 / 100
BRUNCH_PROGRESS BU_FUNCTIONS_PROCESSED_PERCENT 29 / 100
BRUNCH_PROGRESS BU_FUNCTIONS_PROCESSED_PERCENT 30 / 100
BRUNCH_PROGRESS BU_FUNCTIONS_PROCESSED_PERCENT 31 / 100
BRUNCH_PROGRESS BU_FUNCTIONS_PROCESSED_PERCENT 32 / 100
BRUNCH_PROGRESS BU_FUNCTIONS_PROCESSED_PERCENT 33 / 100
BRUNCH_PROGRESS BU_FUNCTIONS_PROCESSED_PERCENT 34 / 100
BRUNCH_PROGRESS BU_FUNCTIONS_PROCESSED_PERCENT 35 / 100
BRUNCH_PROGRESS BU_FUNCTIONS_PROCESSED_PERCENT 36 / 100
BRUNCH_PROGRESS BU_FUNCTIONS_PROCESSED_PERCENT 37 / 100
BRUNCH_PROGRESS BU_FUNCTIONS_PROCESSED_PERCENT 38 / 100
BRUNCH_PROGRESS BU_FUNCTIONS_PROCESSED_PERCENT 39 / 100
BRUNCH_PROGRESS BU_FUNCTIONS_PROCESSED_PERCENT 40 / 100
BRUNCH_PROGRESS BU_FUNCTIONS_PROCESSED_PERCENT 41 / 100
WARNING: 59554872 is allocating a new cell.
WARNING: 59537800 is allocating a new cell.
WARNING: 58544728 is allocating a new cell.
WARNING: 59468520 is allocating a new cell.
WARNING: 59582840 is allocating a new cell.
WARNING: 59589112 is allocating a new cell.
WARNING: 59544120 is allocating a new cell.
BRUNCH_PROGRESS BU_FUNCTIONS_PROCESSED_PERCENT 42 / 100
WARNING: 59030120 is allocating a new cell.
WARNING: 59034376 is allocating a new cell.
BRUNCH_PROGRESS BU_FUNCTIONS_PROCESSED_PERCENT 43 / 100
WARNING: 57955688 is allocating a new cell.
BRUNCH_PROGRESS BU_FUNCTIONS_PROCESSED_PERCENT 44 / 100
WARNING: 57815128 is allocating a new cell.
BRUNCH_PROGRESS BU_FUNCTIONS_PROCESSED_PERCENT 45 / 100
BRUNCH_PROGRESS BU_FUNCTIONS_PROCESSED_PERCENT 46 / 100
WARNING: MemTransfer past object size!
	Transfer:  
	Length:  16
	Type size:  1
WARNING: 66668024 is allocating a new cell.
BRUNCH_PROGRESS BU_FUNCTIONS_PROCESSED_PERCENT 47 / 100
BRUNCH_PROGRESS BU_FUNCTIONS_PROCESSED_PERCENT 48 / 100
BRUNCH_PROGRESS BU_FUNCTIONS_PROCESSED_PERCENT 49 / 100
BRUNCH_PROGRESS BU_FUNCTIONS_PROCESSED_PERCENT 50 / 100
BRUNCH_PROGRESS BU_FUNCTIONS_PROCESSED_PERCENT 51 / 100
BRUNCH_PROGRESS BU_FUNCTIONS_PROCESSED_PERCENT 52 / 100
BRUNCH_PROGRESS BU_FUNCTIONS_PROCESSED_PERCENT 53 / 100
BRUNCH_PROGRESS BU_FUNCTIONS_PROCESSED_PERCENT 54 / 100
BRUNCH_PROGRESS BU_FUNCTIONS_PROCESSED_PERCENT 55 / 100
BRUNCH_PROGRESS BU_FUNCTIONS_PROCESSED_PERCENT 56 / 100
BRUNCH_PROGRESS BU_FUNCTIONS_PROCESSED_PERCENT 57 / 100
BRUNCH_PROGRESS BU_FUNCTIONS_PROCESSED_PERCENT 58 / 100
BRUNCH_PROGRESS BU_FUNCTIONS_PROCESSED_PERCENT 59 / 100
BRUNCH_PROGRESS BU_FUNCTIONS_PROCESSED_PERCENT 60 / 100
BRUNCH_PROGRESS BU_FUNCTIONS_PROCESSED_PERCENT 61 / 100
BRUNCH_PROGRESS BU_FUNCTIONS_PROCESSED_PERCENT 62 / 100
BRUNCH_PROGRESS BU_FUNCTIONS_PROCESSED_PERCENT 63 / 100
BRUNCH_PROGRESS BU_FUNCTIONS_PROCESSED_PERCENT 64 / 100
BRUNCH_PROGRESS BU_FUNCTIONS_PROCESSED_PERCENT 65 / 100
BRUNCH_PROGRESS BU_FUNCTIONS_PROCESSED_PERCENT 66 / 100
BRUNCH_PROGRESS BU_FUNCTIONS_PROCESSED_PERCENT 67 / 100
WARNING: 58601432 is allocating a new cell.
WARNING: 58592888 is allocating a new cell.
BRUNCH_PROGRESS BU_FUNCTIONS_PROCESSED_PERCENT 68 / 100
WARNING: MemTransfer past object size!
	Transfer:  
	Length:  792
	Type size:  8
BRUNCH_PROGRESS BU_FUNCTIONS_PROCESSED_PERCENT 69 / 100
BRUNCH_PROGRESS BU_FUNCTIONS_PROCESSED_PERCENT 70 / 100
BRUNCH_PROGRESS BU_FUNCTIONS_PROCESSED_PERCENT 71 / 100
BRUNCH_PROGRESS BU_FUNCTIONS_PROCESSED_PERCENT 72 / 100
BRUNCH_PROGRESS BU_FUNCTIONS_PROCESSED_PERCENT 73 / 100
BRUNCH_PROGRESS BU_FUNCTIONS_PROCESSED_PERCENT 74 / 100
BRUNCH_PROGRESS BU_FUNCTIONS_PROCESSED_PERCENT 75 / 100
BRUNCH_PROGRESS BU_FUNCTIONS_PROCESSED_PERCENT 76 / 100
WARNING: 64324680 is allocating a new cell.
WARNING: 64324888 is allocating a new cell.
WARNING: 64325096 is allocating a new cell.
WARNING: 64325304 is allocating a new cell.
BRUNCH_PROGRESS BU_FUNCTIONS_PROCESSED_PERCENT 77 / 100
WARNING: 57935992 is allocating a new cell.
BRUNCH_PROGRESS BU_FUNCTIONS_PROCESSED_PERCENT 78 / 100
BRUNCH_PROGRESS BU_FUNCTIONS_PROCESSED_PERCENT 79 / 100
BRUNCH_PROGRESS BU_FUNCTIONS_PROCESSED_PERCENT 80 / 100
BRUNCH_PROGRESS BU_FUNCTIONS_PROCESSED_PERCENT 81 / 100
BRUNCH_PROGRESS BU_FUNCTIONS_PROCESSED_PERCENT 82 / 100
BRUNCH_PROGRESS BU_FUNCTIONS_PROCESSED_PERCENT 83 / 100
BRUNCH_PROGRESS BU_FUNCTIONS_PROCESSED_PERCENT 84 / 100
BRUNCH_PROGRESS BU_FUNCTIONS_PROCESSED_PERCENT 85 / 100
BRUNCH_PROGRESS BU_FUNCTIONS_PROCESSED_PERCENT 86 / 100
BRUNCH_PROGRESS BU_FUNCTIONS_PROCESSED_PERCENT 87 / 100
BRUNCH_PROGRESS BU_FUNCTIONS_PROCESSED_PERCENT 88 / 100
WARNING: shuffle vector inst is allocationg a new cell: 0x3bb82b8
WARNING: shuffle vector inst is allocationg a new cell: 0x3bb83b8
BRUNCH_PROGRESS BU_FUNCTIONS_PROCESSED_PERCENT 89 / 100
WARNING: MemTransfer past object size!
	Transfer:  
	Length:  36
	Type size:  1
BRUNCH_PROGRESS BU_FUNCTIONS_PROCESSED_PERCENT 90 / 100
BRUNCH_PROGRESS BU_FUNCTIONS_PROCESSED_PERCENT 91 / 100
BRUNCH_PROGRESS BU_FUNCTIONS_PROCESSED_PERCENT 92 / 100
BRUNCH_PROGRESS BU_FUNCTIONS_PROCESSED_PERCENT 93 / 100
BRUNCH_PROGRESS BU_FUNCTIONS_PROCESSED_PERCENT 94 / 100
BRUNCH_PROGRESS BU_FUNCTIONS_PROCESSED_PERCENT 95 / 100
BRUNCH_PROGRESS BU_FUNCTIONS_PROCESSED_PERCENT 96 / 100
BRUNCH_PROGRESS BU_FUNCTIONS_PROCESSED_PERCENT 97 / 100
BRUNCH_PROGRESS BU_FUNCTIONS_PROCESSED_PERCENT 98 / 100
BRUNCH_PROGRESS BU_FUNCTIONS_PROCESSED_PERCENT 99 / 100
BRUNCH_PROGRESS BU_FUNCTIONS_PROCESSED_PERCENT 100 / 100
BRUNCH_STAT SEA_TIME_LOCAL_MS 22
BRUNCH_STAT SEA_TIME_BU_AND_LOCAL_MS 57
BRUNCH_PROGRESS TD_FUNCTIONS_PROCESSED_PERCENT 1 / 100
BRUNCH_PROGRESS TD_FUNCTIONS_PROCESSED_PERCENT 2 / 100
BRUNCH_PROGRESS TD_FUNCTIONS_PROCESSED_PERCENT 3 / 100
BRUNCH_PROGRESS TD_FUNCTIONS_PROCESSED_PERCENT 4 / 100

[startup+0.218772 s]*
/proc/loadavg: 0.46 0.20 0.12 2/910 9618
/proc/meminfo: memFree=12591124/131989204 swapFree=244396784/244398076
[pid=9617] ppid=9616 vsize=97248 memory=66464 CPUtime=0.22 cores=0-39
/proc/9617/stat : 9617 (seapp) R 9616 9617 30945 34824 9203 4194304 15388 0 0 0 20 2 0 0 20 0 1 0 131516961 99581952 16616 18446744073709551615 4194304 21388984 140726375016704 0 0 0 0 0 1098931967 0 0 0 17 8 0 0 0 0 0 23486544 23735464 46952448 140726375023184 140726375023644 140726375023644 140726375026620 0
/proc/9617/statm: 24312 16616 3358 4198 0 13303 0
Current children cumulated CPU time: 0.22 s
Current children cumulated vsize: 97248 KiB
Current children cumulated memory: 66464 KiB
BRUNCH_PROGRESS TD_FUNCTIONS_PROCESSED_PERCENT 5 / 100
BRUNCH_PROGRESS TD_FUNCTIONS_PROCESSED_PERCENT 6 / 100

[startup+0.318848 s]*
/proc/loadavg: 0.46 0.20 0.12 2/910 9618
/proc/meminfo: memFree=12551444/131989204 swapFree=244396784/244398076
[pid=9617] ppid=9616 vsize=136248 memory=105008 CPUtime=0.32 cores=0-39
/proc/9617/stat : 9617 (seapp) R 9616 9617 30945 34824 9203 4194304 25074 0 0 0 27 5 0 0 20 0 1 0 131516961 139517952 26252 18446744073709551615 4194304 21388984 140726375016704 0 0 0 0 0 1098931967 0 0 0 17 8 0 0 0 0 0 23486544 23735464 46952448 140726375023184 140726375023644 140726375023644 140726375026620 0
/proc/9617/statm: 34062 26252 3358 4198 0 23053 0
Current children cumulated CPU time: 0.32 s
Current children cumulated vsize: 136248 KiB
Current children cumulated memory: 105008 KiB
BRUNCH_PROGRESS TD_FUNCTIONS_PROCESSED_PERCENT 7 / 100
BRUNCH_PROGRESS TD_FUNCTIONS_PROCESSED_PERCENT 8 / 100
BRUNCH_PROGRESS TD_FUNCTIONS_PROCESSED_PERCENT 9 / 100
BRUNCH_PROGRESS TD_FUNCTIONS_PROCESSED_PERCENT 10 / 100
BRUNCH_PROGRESS TD_FUNCTIONS_PROCESSED_PERCENT 11 / 100
BRUNCH_PROGRESS TD_FUNCTIONS_PROCESSED_PERCENT 12 / 100

[startup+0.700214 s]
/proc/loadavg: 0.46 0.20 0.12 2/910 9639
/proc/meminfo: memFree=12478932/131989204 swapFree=244396784/244398076
[pid=9617] ppid=9616 vsize=263024 memory=230672 CPUtime=0.69 cores=0-39
/proc/9617/stat : 9617 (seapp) R 9616 9617 30945 34824 9203 4194304 56439 0 0 0 62 7 0 0 20 0 1 0 131516961 269336576 57668 18446744073709551615 4194304 21388984 140726375016704 0 0 0 0 0 1098931967 0 0 0 17 8 0 0 0 0 0 23486544 23735464 46952448 140726375023184 140726375023644 140726375023644 140726375026620 0
/proc/9617/statm: 65756 57668 3358 4198 0 54747 0
Current children cumulated CPU time: 0.69 s
Current children cumulated vsize: 263024 KiB
Current children cumulated memory: 230672 KiB
BRUNCH_PROGRESS TD_FUNCTIONS_PROCESSED_PERCENT 13 / 100
BRUNCH_PROGRESS TD_FUNCTIONS_PROCESSED_PERCENT 14 / 100
BRUNCH_PROGRESS TD_FUNCTIONS_PROCESSED_PERCENT 15 / 100
BRUNCH_PROGRESS TD_FUNCTIONS_PROCESSED_PERCENT 16 / 100
BRUNCH_PROGRESS TD_FUNCTIONS_PROCESSED_PERCENT 17 / 100
BRUNCH_PROGRESS TD_FUNCTIONS_PROCESSED_PERCENT 18 / 100
BRUNCH_PROGRESS TD_FUNCTIONS_PROCESSED_PERCENT 19 / 100
BRUNCH_PROGRESS TD_FUNCTIONS_PROCESSED_PERCENT 20 / 100
BRUNCH_PROGRESS TD_FUNCTIONS_PROCESSED_PERCENT 21 / 100
BRUNCH_PROGRESS TD_FUNCTIONS_PROCESSED_PERCENT 22 / 100
BRUNCH_PROGRESS TD_FUNCTIONS_PROCESSED_PERCENT 23 / 100
BRUNCH_PROGRESS TD_FUNCTIONS_PROCESSED_PERCENT 24 / 100
BRUNCH_PROGRESS TD_FUNCTIONS_PROCESSED_PERCENT 25 / 100
BRUNCH_PROGRESS TD_FUNCTIONS_PROCESSED_PERCENT 26 / 100
BRUNCH_PROGRESS TD_FUNCTIONS_PROCESSED_PERCENT 27 / 100
BRUNCH_PROGRESS TD_FUNCTIONS_PROCESSED_PERCENT 28 / 100
BRUNCH_PROGRESS TD_FUNCTIONS_PROCESSED_PERCENT 29 / 100
BRUNCH_PROGRESS TD_FUNCTIONS_PROCESSED_PERCENT 30 / 100
BRUNCH_PROGRESS TD_FUNCTIONS_PROCESSED_PERCENT 31 / 100

[startup+1.50041 s]
/proc/loadavg: 0.46 0.20 0.12 2/910 9639
/proc/meminfo: memFree=12331528/131989204 swapFree=244396784/244398076
[pid=9617] ppid=9616 vsize=466836 memory=431576 CPUtime=1.45 cores=0-39
/proc/9617/stat : 9617 (seapp) R 9616 9617 30945 34824 9203 4194304 106665 0 0 0 132 13 0 0 20 0 1 0 131516961 478040064 107894 18446744073709551615 4194304 21388984 140726375016704 0 0 0 0 0 1098931967 0 0 0 17 8 0 0 3 0 0 23486544 23735464 46952448 140726375023184 140726375023644 140726375023644 140726375026620 0
/proc/9617/statm: 116709 107894 3358 4198 0 105700 0
Current children cumulated CPU time: 1.45 s
Current children cumulated vsize: 466836 KiB
Current children cumulated memory: 431576 KiB
BRUNCH_PROGRESS TD_FUNCTIONS_PROCESSED_PERCENT 32 / 100
BRUNCH_PROGRESS TD_FUNCTIONS_PROCESSED_PERCENT 33 / 100
BRUNCH_PROGRESS TD_FUNCTIONS_PROCESSED_PERCENT 34 / 100
BRUNCH_PROGRESS TD_FUNCTIONS_PROCESSED_PERCENT 35 / 100
BRUNCH_PROGRESS TD_FUNCTIONS_PROCESSED_PERCENT 36 / 100
BRUNCH_PROGRESS TD_FUNCTIONS_PROCESSED_PERCENT 37 / 100
BRUNCH_PROGRESS TD_FUNCTIONS_PROCESSED_PERCENT 38 / 100
BRUNCH_PROGRESS TD_FUNCTIONS_PROCESSED_PERCENT 39 / 100
BRUNCH_PROGRESS TD_FUNCTIONS_PROCESSED_PERCENT 40 / 100
BRUNCH_PROGRESS TD_FUNCTIONS_PROCESSED_PERCENT 41 / 100
BRUNCH_PROGRESS TD_FUNCTIONS_PROCESSED_PERCENT 42 / 100
BRUNCH_PROGRESS TD_FUNCTIONS_PROCESSED_PERCENT 43 / 100
BRUNCH_PROGRESS TD_FUNCTIONS_PROCESSED_PERCENT 44 / 100
BRUNCH_PROGRESS TD_FUNCTIONS_PROCESSED_PERCENT 45 / 100
BRUNCH_PROGRESS TD_FUNCTIONS_PROCESSED_PERCENT 46 / 100
BRUNCH_PROGRESS TD_FUNCTIONS_PROCESSED_PERCENT 47 / 100
BRUNCH_PROGRESS TD_FUNCTIONS_PROCESSED_PERCENT 48 / 100
BRUNCH_PROGRESS TD_FUNCTIONS_PROCESSED_PERCENT 49 / 100
BRUNCH_PROGRESS TD_FUNCTIONS_PROCESSED_PERCENT 50 / 100
BRUNCH_PROGRESS TD_FUNCTIONS_PROCESSED_PERCENT 51 / 100
BRUNCH_PROGRESS TD_FUNCTIONS_PROCESSED_PERCENT 52 / 100
BRUNCH_PROGRESS TD_FUNCTIONS_PROCESSED_PERCENT 53 / 100
BRUNCH_PROGRESS TD_FUNCTIONS_PROCESSED_PERCENT 54 / 100
BRUNCH_PROGRESS TD_FUNCTIONS_PROCESSED_PERCENT 55 / 100
BRUNCH_PROGRESS TD_FUNCTIONS_PROCESSED_PERCENT 56 / 100
BRUNCH_PROGRESS TD_FUNCTIONS_PROCESSED_PERCENT 57 / 100
BRUNCH_PROGRESS TD_FUNCTIONS_PROCESSED_PERCENT 58 / 100
BRUNCH_PROGRESS TD_FUNCTIONS_PROCESSED_PERCENT 59 / 100
BRUNCH_PROGRESS TD_FUNCTIONS_PROCESSED_PERCENT 60 / 100
BRUNCH_PROGRESS TD_FUNCTIONS_PROCESSED_PERCENT 61 / 100
BRUNCH_PROGRESS TD_FUNCTIONS_PROCESSED_PERCENT 62 / 100
BRUNCH_PROGRESS TD_FUNCTIONS_PROCESSED_PERCENT 63 / 100
BRUNCH_PROGRESS TD_FUNCTIONS_PROCESSED_PERCENT 64 / 100
BRUNCH_PROGRESS TD_FUNCTIONS_PROCESSED_PERCENT 65 / 100
BRUNCH_PROGRESS TD_FUNCTIONS_PROCESSED_PERCENT 66 / 100
BRUNCH_PROGRESS TD_FUNCTIONS_PROCESSED_PERCENT 67 / 100
BRUNCH_PROGRESS TD_FUNCTIONS_PROCESSED_PERCENT 68 / 100
BRUNCH_PROGRESS TD_FUNCTIONS_PROCESSED_PERCENT 69 / 100
BRUNCH_PROGRESS TD_FUNCTIONS_PROCESSED_PERCENT 70 / 100
BRUNCH_PROGRESS TD_FUNCTIONS_PROCESSED_PERCENT 71 / 100
BRUNCH_PROGRESS TD_FUNCTIONS_PROCESSED_PERCENT 72 / 100
BRUNCH_PROGRESS TD_FUNCTIONS_PROCESSED_PERCENT 73 / 100
BRUNCH_PROGRESS TD_FUNCTIONS_PROCESSED_PERCENT 74 / 100
BRUNCH_PROGRESS TD_FUNCTIONS_PROCESSED_PERCENT 75 / 100
BRUNCH_PROGRESS TD_FUNCTIONS_PROCESSED_PERCENT 76 / 100
BRUNCH_PROGRESS TD_FUNCTIONS_PROCESSED_PERCENT 77 / 100
BRUNCH_PROGRESS TD_FUNCTIONS_PROCESSED_PERCENT 78 / 100
BRUNCH_PROGRESS TD_FUNCTIONS_PROCESSED_PERCENT 79 / 100
BRUNCH_PROGRESS TD_FUNCTIONS_PROCESSED_PERCENT 80 / 100
BRUNCH_PROGRESS TD_FUNCTIONS_PROCESSED_PERCENT 81 / 100
BRUNCH_PROGRESS TD_FUNCTIONS_PROCESSED_PERCENT 82 / 100
BRUNCH_PROGRESS TD_FUNCTIONS_PROCESSED_PERCENT 83 / 100
BRUNCH_PROGRESS TD_FUNCTIONS_PROCESSED_PERCENT 84 / 100
BRUNCH_PROGRESS TD_FUNCTIONS_PROCESSED_PERCENT 85 / 100
BRUNCH_PROGRESS TD_FUNCTIONS_PROCESSED_PERCENT 86 / 100
BRUNCH_PROGRESS TD_FUNCTIONS_PROCESSED_PERCENT 87 / 100
BRUNCH_PROGRESS TD_FUNCTIONS_PROCESSED_PERCENT 88 / 100
BRUNCH_PROGRESS TD_FUNCTIONS_PROCESSED_PERCENT 89 / 100
BRUNCH_PROGRESS TD_FUNCTIONS_PROCESSED_PERCENT 90 / 100
BRUNCH_PROGRESS TD_FUNCTIONS_PROCESSED_PERCENT 91 / 100
BRUNCH_PROGRESS TD_FUNCTIONS_PROCESSED_PERCENT 92 / 100
BRUNCH_PROGRESS TD_FUNCTIONS_PROCESSED_PERCENT 93 / 100
BRUNCH_PROGRESS TD_FUNCTIONS_PROCESSED_PERCENT 94 / 100
BRUNCH_PROGRESS TD_FUNCTIONS_PROCESSED_PERCENT 95 / 100
BRUNCH_PROGRESS TD_FUNCTIONS_PROCESSED_PERCENT 96 / 100
BRUNCH_PROGRESS TD_FUNCTIONS_PROCESSED_PERCENT 97 / 100
BRUNCH_PROGRESS TD_FUNCTIONS_PROCESSED_PERCENT 98 / 100
BRUNCH_PROGRESS TD_FUNCTIONS_PROCESSED_PERCENT 99 / 100
BRUNCH_PROGRESS TD_FUNCTIONS_PROCESSED_PERCENT 100 / 100
BRUNCH_STAT SEA_TIME_TD_MS 1672
BRUNCH_STAT SEA_TIME_PTA_MS 1951
Warning: SMC: 	Applied negative offsets, overriding offset as 0
Warning: SMC: 	Applied negative offsets, overriding offset as 0
Warning: SMC: 	Applied negative offsets, overriding offset as 0
Warning: SMC: 	Applied negative offsets, overriding offset as 0
Warning: SMC: 	Applied negative offsets, overriding offset as 0
BRUNCH_STAT SEA_TIME_SMC_ANALYSIS_MS 169

=========== Start of Simple Memory Check Stats ===========
Format:	All instructions (Heap/Stack/Global)

Discovered memory instructions	8840
Discovered allocation sites	644	(295/168/149)
Interesting allocation sites	155	(47/22/86)
Other allocation sites		329	(157/51/96)
Total Simple AS to instrument	301395
Interesting <Barrier, AllocSite> pairs	101977
Total <Barrier, AllocSite> pairs	403422
BRUNCH_STAT SMC_ALL_AS 644
BRUNCH_STAT SMC_AS_BARRIER_INTERESTING 101977
BRUNCH_STAT SMC_AS_BARRIER_CHECKS 403422
BRUNCH_STAT SMC_AS_BARRIER_TOTAL 422253


Warning: SMC: exiting without instrumenting (--smc-analyze-only)
Warning: found 4 possible reads of undefined values
Possible read of undefined value at 
--- File   : ../grid.c
--- Line   : 98
--- Column : 12
--- Bitcode:   %tmp73 = insertelement <4 x i8> undef, i8 %tmp69, i32 0, !dbg !71584
Possible read of undefined value at 
--- File   : ../grid.c
--- Line   : 96
--- Column : 36
--- Bitcode:   %tmp81 = insertelement <4 x i8> undef, i8 %tmp77, i32 0, !dbg !71583
Possible read of undefined value at 
--- File   : ../grid.c
--- Line   : 98
--- Column : 7
--- Bitcode:   %tmp97 = shufflevector <4 x i32> %tmp96, <4 x i32> undef, <4 x i32> <i32 2, i32 3, i32 undef, i32 undef>, !dbg !71589
Possible read of undefined value at 
--- File   : ../grid.c
--- Line   : 98
--- Column : 7
--- Bitcode:   %tmp99 = shufflevector <4 x i32> %tmp98, <4 x i32> undef, <4 x i32> <i32 1, i32 undef, i32 undef, i32 undef>, !dbg !71589
BRUNCH_STAT PTA_RSS_KB 649572

[startup+3.11976 s]
/proc/loadavg: 0.51 0.21 0.13 2/908 9682
/proc/meminfo: memFree=12033244/131989204 swapFree=244396784/244398076
[pid=9617] ppid=9616 vsize=656364 memory=617648 CPUtime=3.04 cores=0-39
/proc/9617/stat : 9617 (seapp) D 9616 9617 30945 34824 9203 4194304 164915 0 0 0 280 24 0 0 20 0 1 0 131516961 672116736 154412 18446744073709551615 4194304 21388984 140726375016704 0 0 0 2147221247 0 1098931967 1 0 0 17 8 0 0 3 0 0 23486544 23735464 46952448 140726375023184 140726375023644 140726375023644 140726375026620 0
/proc/9617/statm: 164091 154412 3486 4198 0 153082 0
Current children cumulated CPU time: 3.04 s
Current children cumulated vsize: 656364 KiB
Current children cumulated memory: 617648 KiB

[startup+3.22334 s]
# the end of solver process 9617 was just reported to runsolver
# cumulated CPU time of all completed processes:  user=2.8434 s, system=0.27633 s

Solver just ended.
??? end of watcher thread
Dumping a history of the last processes samples

[startup+3.20019 s]*
/proc/loadavg: 0.51 0.21 0.13 2/908 9682
/proc/meminfo: memFree=12175144/131989204 swapFree=244396784/244398076
Current children cumulated CPU time: 0 s
Current children cumulated vsize: 0 KiB
Current children cumulated memory: 0 KiB

Child status: 0
Real time (s): 3.22336
CPU time (s): 3.11973
CPU user time (s): 2.8434
CPU system time (s): 0.27633
CPU usage (%): 96.7851
Max. virtual memory (cumulated for all children) (KiB): 672756
Max. memory (cumulated for all children) (KiB): 633204

getrusage(RUSAGE_CHILDREN,...) data:
user time used= 2.8434
system time used= 0.27633
maximum resident set size= 649572
integral shared memory size= 0
integral unshared data size= 0
integral unshared stack size= 0
page reclaims= 164925
page faults= 0
swaps= 0
block input operations= 0
block output operations= 6032
messages sent= 0
messages received= 0
signals received= 0
voluntary context switches= 5
involuntary context switches= 9


# summary of solver processes directly reported to runsolver:
#   pid: 9617
#   total CPU time (s): 3.11973
#   total CPU user time (s): 2.8434
#   total CPU system time (s): 0.27633

??? end of timestamper thread
runsolver used 0.090414 second user time and 0.106853 second system time

The end
BRUNCH_STAT TOTAL_TIME_SMC_MS 3355
BRUNCH_STAT ORIGINAL_BITCODE_NAME tmux.bc
BRUNCH_STAT ORIGINAL_BITCODE_SIZE_KB 4896
BRUNCH_STAT FINAL_BITCODE_NAME tmux.n.pp.bc
BRUNCH_STAT FINAL_BITCODE_SIZE_KB 2996
BRUNCH_STAT EXPERIMENT_TIME 19/05/23-22:46:37
