wasm-as.bc true wave-diff
BITCODE:wasm-as.bc
SEAHORN_DIR=/home/jkudersk/projects/build-seahorn/release/run/bin
PWD=/home/jkudersk/projects/points-to-bitcode/5.0/webassembly
PTA=wave-diff


/home/jkudersk/projects/build-seahorn/release/run/bin/seaopt wasm-as.bc -O1 -o ./temps/wasm-as.n.bc

File already exists, skipping seaopt invocation
/home/jkudersk/projects/build-seahorn/release/run/bin/seapp ./temps/wasm-as.n.bc -o ./temps/wasm-as.n.pp.bc --lower-invoke --devirt-functions --unfold-loops-for-dsa=false --simplify-pointer-loops --horn-inline-constructors --horn-inline-allocators --log=extern.off --kill-vaarg=true --externalize-addr-taken-funcs=true --promote-bool-loads=true --lower-switch=false --externalize-function=.*AFA6string.*,_ZN3AFAplERKNS_6stringES2_,_ZN3AFAplEPKcRKNS_6stringE,_ZN3AFAplERKNS_6stringEPKc,_Z18to_standard_stringN3AFA6stringE,.*AFA3map.*,.*MDL_Tree.*,_Z14Initialize_Mapv,_ZN6google8protobuf*,_ZN5boost4asio6detail1*,_ZN5beast* --promote-assumptions=false --instnamer --strip-debug --verify-after-all=true --sea-verifier-noop --log=debug-verifier

File exists, skipping seapp invocation

runsolver --rss-swap-limit 64000 -W 3600 taskset -c 10 /home/jkudersk/projects/build-seahorn/release/run/bin/seapp ./temps/wasm-as.n.pp.bc -o ./temps/wasm-as.n.pp.smc.bc --smc --sea-dsa-type-aware=true --smc-analyze-only --smc-check-threshold=400 --sea-dsa=butd-cs --smc-pta=wave-diff --print-smc-summary --log=brunch --log=brunch-progress --log=dsa-progress.off --log=smc.off --log=dsa.off --log=alloc-sites.off

runsolver version 3.4.0 (svn: 3018) Copyright (C) 2010-2013 Olivier ROUSSEL

This program is distributed in the hope that it will be useful,
but WITHOUT ANY WARRANTY; without even the implied warranty of
MERCHANTABILITY or FITNESS FOR A PARTICULAR PURPOSE.  See the
GNU General Public License for more details.

NUMA information:
  number of nodes: 2
  memory of node 0: 64409 MiB (52899 MiB free)
  memory of node 1: 64486 MiB (54233 MiB free)
  node distances:
     10  21
     21  10

command line: runsolver --rss-swap-limit 64000 -W 3600 taskset -c 10 /home/jkudersk/projects/build-seahorn/release/run/bin/seapp ./temps/wasm-as.n.pp.bc -o ./temps/wasm-as.n.pp.smc.bc --smc --sea-dsa-type-aware=true --smc-analyze-only --smc-check-threshold=400 --sea-dsa=butd-cs --smc-pta=wave-diff --print-smc-summary --log=brunch --log=brunch-progress --log=dsa-progress.off --log=smc.off --log=dsa.off --log=alloc-sites.off 

running on 36 cores: 0-9,20-29,10-19,30-31,36-39

Enforcing wall clock limit (soft limit, will send SIGTERM then SIGKILL): 3600 seconds
Enforcing RSS+Swap limit (soft limit, will send SIGTERM then SIGKILL): 65536000 KiB
Linux 4.15.0-43-generic
Current StackSize limit: 8192 KiB
solver pid=40671, runsolver pid=40670

Sea Allocators:
	Znaj
	ZnajRKSt9nothrow_t
	Znam
	ZnamRKSt9nothrow_t
	Znwj
	ZnwjRKSt9nothrow_t
	Znwm
	ZnwmRKSt9nothrow_t
	_ZN4wasm17FunctionValidator6createEv.stub
	_ZN4wasm4Pass6createEv.stub
	_ZNSi10_M_extractIjEERSiRT_
	_ZNSi10_M_extractImEERSiRT_
	_ZNSi4readEPcl
	_ZNSi5seekgESt4fposI11__mbstate_tE
	_ZNSi5seekgElSt12_Ios_Seekdir
	_ZNSo3putEc
	_ZNSo5flushEv
	_ZNSo9_M_insertIPKvEERSoT_
	_ZNSo9_M_insertIdEERSoT_
	_ZNSo9_M_insertIlEERSoT_
	_ZNSo9_M_insertImEERSoT_
	_ZNSolsEi
	_ZNSt13basic_filebufIcSt11char_traitsIcEE4openEPKcSt13_Ios_Openmode
	_ZNSt13basic_filebufIcSt11char_traitsIcEE5closeEv
	_ZNSt7__cxx1112basic_stringIcSt11char_traitsIcESaIcEE10_M_replaceEmmPKcm
	_ZNSt7__cxx1112basic_stringIcSt11char_traitsIcESaIcEE14_M_replace_auxEmmmc
	_ZNSt7__cxx1112basic_stringIcSt11char_traitsIcESaIcEE9_M_appendEPKcm
	_ZNSt7__cxx1112basic_stringIcSt11char_traitsIcESaIcEE9_M_createERmm
	_ZSt16__ostream_insertIcSt11char_traitsIcEERSt13basic_ostreamIT_T0_ES6_PKS3_l
	_ZSt18_Rb_tree_decrementPSt18_Rb_tree_node_base
	_ZSt18_Rb_tree_incrementPSt18_Rb_tree_node_base
	_ZSt4endlIcSt11char_traitsIcEERSt13basic_ostreamIT_T0_ES6_
	_ZStlsISt11char_traitsIcEERSt13basic_ostreamIcT_ES5_PKc
	_ZStlsISt11char_traitsIcEERSt13basic_ostreamIcT_ES5_c
	_ZStrsIcSt11char_traitsIcEERSt13basic_istreamIT_T0_ES6_RS3_
	_Znam
	_Znwm
	__errno_location
	calloc
	getenv
	llvm.invariant.start.p0i8
	malloc
	strchr
	strncpy
	strpbrk
	verifier.nondet.4
	verifier.nondet.5
Warning: Running SVF PTA!
BRUNCH_STAT PTA_KIND SVF_Andersen_Diff_Wave_Type

[startup+0.100072 s]*
/proc/loadavg: 0.98 1.03 1.05 2/903 40672
/proc/meminfo: memFree=109680560/131989204 swapFree=244096144/244398076
[pid=40671] ppid=40670 vsize=70668 memory=39332 CPUtime=0.11 cores=10
/proc/40671/stat : 40671 (seapp) R 40670 40671 20134 34834 25294 4194304 8086 0 0 0 11 0 0 0 20 0 1 0 374256405 72364032 9833 18446744073709551615 4194304 21443392 140735022991760 0 0 0 0 0 1098931967 0 0 0 17 10 0 0 0 0 0 21451008 21699880 48218112 140735022994089 140735022994447 140735022994447 140735022997436 0
/proc/40671/statm: 17667 9833 3268 4212 0 6644 0
Current children cumulated CPU time: 0.11 s
Current children cumulated vsize: 70668 KiB
Current children cumulated memory: 39332 KiB

[startup+0.222206 s]*
/proc/loadavg: 0.98 1.03 1.05 2/903 40672
/proc/meminfo: memFree=109575988/131989204 swapFree=244096144/244398076
[pid=40671] ppid=40670 vsize=203852 memory=172940 CPUtime=0.24 cores=10
/proc/40671/stat : 40671 (seapp) R 40670 40671 20134 34834 25294 4194304 42572 0 0 0 19 5 0 0 20 0 1 0 374256405 208744448 43235 18446744073709551615 4194304 21443392 140735022991760 0 0 0 0 0 1098931967 0 0 0 17 10 0 0 0 0 0 21451008 21699880 48218112 140735022994089 140735022994447 140735022994447 140735022997436 0
/proc/40671/statm: 50963 43235 3318 4212 0 39940 0
Current children cumulated CPU time: 0.24 s
Current children cumulated vsize: 203852 KiB
Current children cumulated memory: 172940 KiB

[startup+0.322789 s]*
/proc/loadavg: 0.98 1.03 1.05 2/903 40672
/proc/meminfo: memFree=109445540/131989204 swapFree=244096144/244398076
[pid=40671] ppid=40670 vsize=333804 memory=302828 CPUtime=0.33 cores=10
/proc/40671/stat : 40671 (seapp) R 40670 40671 20134 34834 25294 4194304 75067 0 0 0 24 9 0 0 20 0 1 0 374256405 341815296 75707 18446744073709551615 4194304 21443392 140735022991760 0 0 0 0 0 1098931967 0 0 0 17 10 0 0 0 0 0 21451008 21699880 48218112 140735022994089 140735022994447 140735022994447 140735022997436 0
/proc/40671/statm: 83484 75707 3318 4212 0 72461 0
Current children cumulated CPU time: 0.33 s
Current children cumulated vsize: 333804 KiB
Current children cumulated memory: 302828 KiB

[startup+0.70023 s]
/proc/loadavg: 0.98 1.03 1.05 2/903 40683
/proc/meminfo: memFree=109295608/131989204 swapFree=244096144/244398076
[pid=40671] ppid=40670 vsize=473444 memory=442220 CPUtime=0.69 cores=10
/proc/40671/stat : 40671 (seapp) R 40670 40671 20134 34834 25294 4194304 109947 0 0 0 54 15 0 0 20 0 1 0 374256405 484806656 110555 18446744073709551615 4194304 21443392 140735022991760 0 0 0 0 0 1098931967 0 0 0 17 10 0 0 0 0 0 21451008 21699880 48218112 140735022994089 140735022994447 140735022994447 140735022997436 0
/proc/40671/statm: 118361 110555 3318 4212 0 107338 0
Current children cumulated CPU time: 0.69 s
Current children cumulated vsize: 473444 KiB
Current children cumulated memory: 442220 KiB

[startup+1.50038 s]
/proc/loadavg: 0.98 1.03 1.05 2/903 40683
/proc/meminfo: memFree=109172012/131989204 swapFree=244096144/244398076
[pid=40671] ppid=40670 vsize=619700 memory=588980 CPUtime=1.49 cores=10
/proc/40671/stat : 40671 (seapp) R 40670 40671 20134 34834 25294 4194304 146546 0 0 0 121 28 0 0 20 0 1 0 374256405 634572800 147245 18446744073709551615 4194304 21443392 140735022991760 0 0 0 0 0 1098931967 0 0 0 17 10 0 0 0 0 0 21451008 21699880 48218112 140735022994089 140735022994447 140735022994447 140735022997436 0
/proc/40671/statm: 154925 147245 3382 4212 0 143902 0
Current children cumulated CPU time: 1.49 s
Current children cumulated vsize: 619700 KiB
Current children cumulated memory: 588980 KiB

[startup+3.1215 s]
/proc/loadavg: 0.98 1.03 1.05 2/903 40710
/proc/meminfo: memFree=109074588/131989204 swapFree=244096144/244398076
[pid=40671] ppid=40670 vsize=674916 memory=644156 CPUtime=3.11 cores=10
/proc/40671/stat : 40671 (seapp) R 40670 40671 20134 34834 25294 4194304 160318 0 0 0 269 42 0 0 20 0 1 0 374256405 691113984 161039 18446744073709551615 4194304 21443392 140735022991760 0 0 0 0 0 1098931967 0 0 0 17 10 0 0 0 0 0 21451008 21699880 48218112 140735022994089 140735022994447 140735022994447 140735022997436 0
/proc/40671/statm: 168729 161039 3382 4212 0 157706 0
Current children cumulated CPU time: 3.11 s
Current children cumulated vsize: 674916 KiB
Current children cumulated memory: 644156 KiB

[startup+6.30029 s]
/proc/loadavg: 0.98 1.03 1.05 2/903 40744
/proc/meminfo: memFree=108991928/131989204 swapFree=244096144/244398076
[pid=40671] ppid=40670 vsize=756624 memory=725732 CPUtime=6.29 cores=10
/proc/40671/stat : 40671 (seapp) R 40670 40671 20134 34834 25294 4194304 180759 0 0 0 562 67 0 0 20 0 1 0 374256405 774782976 181433 18446744073709551615 4194304 21443392 140735022991760 0 0 0 0 0 1098931967 0 0 0 17 10 0 0 0 0 0 21451008 21699880 48218112 140735022994089 140735022994447 140735022994447 140735022997436 0
/proc/40671/statm: 189156 181433 3382 4212 0 178133 0
Current children cumulated CPU time: 6.29 s
Current children cumulated vsize: 756624 KiB
Current children cumulated memory: 725732 KiB

****CallGraph SCC Stat****
################ (program : temps/wasm-as)###############
-------------------------------------------------------
CalRetPairInCycle   513
MaxNodeInCycle      23
NodeInCycle         100
TotalCycle          25
TotalEdge           13378
TotalNode           1002
#######################################################

****Andersen Pointer Analysis Statistics****
################ (program : temps/wasm-as)###############
TotalObjects        4850
TotalFieldObjects   2931
TotalPointers       111358
HeapObjs            2138
FunctionObjs        1002
GlobalObjs          70
StackObjs           1638
IndCallSites        204
TotalPAGEdges       1636006
LocalVarInRecur     232
BitCastNumber       9947
CopysNum            16203
AddrsNum            6168
GepsNum             23165
ReturnsNum          2138
CallsNum            6355
StoresNum           4462
LoadsNum            7528
FSObjNum            3993
FIObjNum            855
ConstArrayObj       3
VarArrayObj         4
ConstStructObj      36
VarStructObj        739
NonPtrObj           1652
MaxStructSize       91
TotalCallSite       13582
BBWith3Succ         431
BBWith2Succ         6872
-------------------------------------------------------
AvgPtsSetSize       24.7433
AvgTopLvlPtsSize    51.6566
SCCDetectTime       2.11
CopyGepTime         5.776
TotalTime           10.096
CollapseTime        0.028
LoadStoreTime       1.245
SCCMergeTime        0.435
UpdateCGTime        0.004
TotalStoreInst      9205
TotalLoadInst       13336
NumOfSCCDetect      10
MemObjects          4850
TotalObjects        7781
DYFieldPtrs         1202
TotalPointers       111358
Pointers            110156
Iterations          10
DYFieldObjs         2931
IndCallSites        204
NodesInCycles       3039
TotalPAGEdges       70186
PointsToConstPtr    0
PointsToBlkPtr      2216
NullPointer         1588
CopysNum            35832
AddrsNum            5952
GepsNum             22571
StoresNum           4363
LoadsNum            7420
TotalCycleNum       454
TotalPWCCycleNum    3
CGNodeNum           116583
MaxPtsSetSize       270
IndEdgeSolved       0
CopyProcessed       56783
AddrProcessed       6168
GepProcessed        38760
StoreProcessed      226173
LoadProcessed       200235
MaxNodesInSCC       1466
#######################################################
BRUNCH_STAT SEA_TIME_PTA_MS 9994
Warning: SMC: 	Applied negative offsets, overriding offset as 0
Warning: SMC: 	Applied negative offsets, overriding offset as 0
Warning: SMC: 	Applied negative offsets, overriding offset as 0
Warning: SMC: 	Applied negative offsets, overriding offset as 0
Warning: SMC: 	Applied negative offsets, overriding offset as 0
Warning: SMC: 	Applied negative offsets, overriding offset as 0
Warning: SMC: 	Applied negative offsets, overriding offset as 0
Warning: SMC: 	Applied negative offsets, overriding offset as 0
Warning: SMC: 	Applied negative offsets, overriding offset as 0
Warning: SMC: 	Applied negative offsets, overriding offset as 0
Warning: SMC: 	Applied negative offsets, overriding offset as 0
Warning: SMC: 	Applied negative offsets, overriding offset as 0
Warning: SMC: 	Applied negative offsets, overriding offset as 0
Warning: SMC: 	Applied negative offsets, overriding offset as 0
Warning: SMC: 	Applied negative offsets, overriding offset as 0
Warning: SMC: 	Applied negative offsets, overriding offset as 0
Warning: SMC: 	Applied negative offsets, overriding offset as 0
Warning: SMC: 	Applied negative offsets, overriding offset as 0
Warning: SMC: 	Applied negative offsets, overriding offset as 0
Warning: SMC: 	Applied negative offsets, overriding offset as 0
Warning: SMC: 	Applied negative offsets, overriding offset as 0
Warning: SMC: 	Applied negative offsets, overriding offset as 0
Warning: SMC: 	Applied negative offsets, overriding offset as 0
Warning: SMC: 	Applied negative offsets, overriding offset as 0
Warning: SMC: 	Applied negative offsets, overriding offset as 0
Warning: SMC: 	Applied negative offsets, overriding offset as 0
Warning: SMC: 	Applied negative offsets, overriding offset as 0
Warning: SMC: 	Applied negative offsets, overriding offset as 0
Warning: SMC: 	Applied negative offsets, overriding offset as 0
Warning: SMC: 	Applied negative offsets, overriding offset as 0
Warning: SMC: 	Applied negative offsets, overriding offset as 0
Warning: SMC: 	Applied negative offsets, overriding offset as 0
Warning: SMC: 	Applied negative offsets, overriding offset as 0
Warning: SMC: 	Applied negative offsets, overriding offset as 0
Warning: SMC: 	Applied negative offsets, overriding offset as 0
Warning: SMC: 	Applied negative offsets, overriding offset as 0
Warning: SMC: 	Applied negative offsets, overriding offset as 0
Warning: SMC: 	Applied negative offsets, overriding offset as 0
Warning: SMC: 	Applied negative offsets, overriding offset as 0
Warning: SMC: 	Applied negative offsets, overriding offset as 0
Warning: SMC: 	Applied negative offsets, overriding offset as 0
Warning: SMC: 	Applied negative offsets, overriding offset as 0
Warning: SMC: 	Applied negative offsets, overriding offset as 0
Warning: SMC: 	Applied negative offsets, overriding offset as 0
Warning: SMC: 	Applied negative offsets, overriding offset as 0
Warning: SMC: 	Applied negative offsets, overriding offset as 0
Warning: SMC: 	Applied negative offsets, overriding offset as 0
Warning: SMC: 	Applied negative offsets, overriding offset as 0
Warning: SMC: 	Applied negative offsets, overriding offset as 0
Warning: SMC: 	Applied negative offsets, overriding offset as 0
Warning: SMC: 	Applied negative offsets, overriding offset as 0
Warning: SMC: 	Applied negative offsets, overriding offset as 0
Warning: SMC: 	Applied negative offsets, overriding offset as 0
Warning: SMC: 	Applied negative offsets, overriding offset as 0
Warning: SMC: 	Applied negative offsets, overriding offset as 0
Warning: SMC: 	Applied negative offsets, overriding offset as 0
Warning: SMC: 	Applied negative offsets, overriding offset as 0
Warning: SMC: 	Applied negative offsets, overriding offset as 0
Warning: SMC: 	Applied negative offsets, overriding offset as 0
Warning: SMC: 	Applied negative offsets, overriding offset as 0
Warning: SMC: 	Applied negative offsets, overriding offset as 0
Warning: SMC: 	Applied negative offsets, overriding offset as 0
Warning: SMC: 	Applied negative offsets, overriding offset as 0
Warning: SMC: 	Applied negative offsets, overriding offset as 0
Warning: SMC: 	Applied negative offsets, overriding offset as 0
Warning: SMC: 	Applied negative offsets, overriding offset as 0
Warning: SMC: 	Applied negative offsets, overriding offset as 0
Warning: SMC: 	Applied negative offsets, overriding offset as 0
Warning: SMC: 	Applied negative offsets, overriding offset as 0
Warning: SMC: 	Applied negative offsets, overriding offset as 0
Warning: SMC: 	Applied negative offsets, overriding offset as 0
Warning: SMC: 	Applied negative offsets, overriding offset as 0
Warning: SMC: 	Applied negative offsets, overriding offset as 0
Warning: SMC: 	Applied negative offsets, overriding offset as 0
Warning: SMC: 	Applied negative offsets, overriding offset as 0
Warning: SMC: 	Applied negative offsets, overriding offset as 0
Warning: SMC: 	Applied negative offsets, overriding offset as 0
Warning: SMC: 	Applied negative offsets, overriding offset as 0
Warning: SMC: 	Applied negative offsets, overriding offset as 0
Warning: SMC: 	Applied negative offsets, overriding offset as 0
Warning: SMC: 	Applied negative offsets, overriding offset as 0
Warning: SMC: 	Applied negative offsets, overriding offset as 0
Warning: SMC: 	Applied negative offsets, overriding offset as 0
Warning: SMC: 	Applied negative offsets, overriding offset as 0
Warning: SMC: 	Applied negative offsets, overriding offset as 0
Warning: SMC: 	Applied negative offsets, overriding offset as 0
Warning: SMC: 	Applied negative offsets, overriding offset as 0
Warning: SMC: 	Applied negative offsets, overriding offset as 0
Warning: SMC: 	Applied negative offsets, overriding offset as 0
Warning: SMC: 	Applied negative offsets, overriding offset as 0
Warning: SMC: 	Applied negative offsets, overriding offset as 0
Warning: SMC: 	Applied negative offsets, overriding offset as 0
Warning: SMC: 	Applied negative offsets, overriding offset as 0
Warning: SMC: 	Applied negative offsets, overriding offset as 0
Warning: SMC: 	Applied negative offsets, overriding offset as 0
Warning: SMC: 	Applied negative offsets, overriding offset as 0
Warning: SMC: 	Applied negative offsets, overriding offset as 0
Warning: SMC: 	Applied negative offsets, overriding offset as 0
Warning: SMC: 	Applied negative offsets, overriding offset as 0
Warning: SMC: 	Applied negative offsets, overriding offset as 0
Warning: SMC: 	Applied negative offsets, overriding offset as 0
Warning: SMC: 	Applied negative offsets, overriding offset as 0
Warning: SMC: 	Applied negative offsets, overriding offset as 0
Warning: SMC: 	Applied negative offsets, overriding offset as 0
Warning: SMC: 	Applied negative offsets, overriding offset as 0
Warning: SMC: 	Applied negative offsets, overriding offset as 0
Warning: SMC: 	Applied negative offsets, overriding offset as 0
Warning: SMC: 	Applied negative offsets, overriding offset as 0
Warning: SMC: 	Applied negative offsets, overriding offset as 0
Warning: SMC: 	Applied negative offsets, overriding offset as 0
Warning: SMC: 	Applied negative offsets, overriding offset as 0
Warning: SMC: 	Applied negative offsets, overriding offset as 0
Warning: SMC: 	Applied negative offsets, overriding offset as 0
Warning: SMC: 	Applied negative offsets, overriding offset as 0
Warning: SMC: 	Applied negative offsets, overriding offset as 0
Warning: SMC: 	Applied negative offsets, overriding offset as 0
Warning: SMC: 	Applied negative offsets, overriding offset as 0
Warning: SMC: 	Applied negative offsets, overriding offset as 0
Warning: SMC: 	Applied negative offsets, overriding offset as 0
Warning: SMC: 	Applied negative offsets, overriding offset as 0
Warning: SMC: 	Applied negative offsets, overriding offset as 0
Warning: SMC: 	Applied negative offsets, overriding offset as 0
Warning: SMC: 	Applied negative offsets, overriding offset as 0
Warning: SMC: 	Applied negative offsets, overriding offset as 0
Warning: SMC: 	Applied negative offsets, overriding offset as 0
Warning: SMC: 	Applied negative offsets, overriding offset as 0
Warning: SMC: 	Applied negative offsets, overriding offset as 0
Warning: SMC: 	Applied negative offsets, overriding offset as 0
Warning: SMC: 	Applied negative offsets, overriding offset as 0
Warning: SMC: 	Applied negative offsets, overriding offset as 0
Warning: SMC: 	Applied negative offsets, overriding offset as 0
Warning: SMC: 	Applied negative offsets, overriding offset as 0
Warning: SMC: 	Applied negative offsets, overriding offset as 0
Warning: SMC: 	Applied negative offsets, overriding offset as 0
Warning: SMC: 	Applied negative offsets, overriding offset as 0
Warning: SMC: 	Applied negative offsets, overriding offset as 0
Warning: SMC: 	Applied negative offsets, overriding offset as 0
Warning: SMC: 	Applied negative offsets, overriding offset as 0
Warning: SMC: 	Applied negative offsets, overriding offset as 0
Warning: SMC: 	Applied negative offsets, overriding offset as 0
Warning: SMC: 	Applied negative offsets, overriding offset as 0
Warning: SMC: 	Applied negative offsets, overriding offset as 0
Warning: SMC: 	Applied negative offsets, overriding offset as 0
Warning: SMC: 	Applied negative offsets, overriding offset as 0
Warning: SMC: 	Applied negative offsets, overriding offset as 0
Warning: SMC: 	Applied negative offsets, overriding offset as 0
Warning: SMC: 	Applied negative offsets, overriding offset as 0
Warning: SMC: 	Applied negative offsets, overriding offset as 0
Warning: SMC: 	Applied negative offsets, overriding offset as 0
Warning: SMC: 	Applied negative offsets, overriding offset as 0
Warning: SMC: 	Applied negative offsets, overriding offset as 0
Warning: SMC: 	Applied negative offsets, overriding offset as 0
Warning: SMC: 	Applied negative offsets, overriding offset as 0
Warning: SMC: 	Applied negative offsets, overriding offset as 0
Warning: SMC: 	Applied negative offsets, overriding offset as 0
Warning: SMC: 	Applied negative offsets, overriding offset as 0
Warning: SMC: 	Applied negative offsets, overriding offset as 0
Warning: SMC: 	Applied negative offsets, overriding offset as 0
Warning: SMC: 	Applied negative offsets, overriding offset as 0
Warning: SMC: 	Applied negative offsets, overriding offset as 0
Warning: SMC: 	Applied negative offsets, overriding offset as 0
Warning: SMC: 	Applied negative offsets, overriding offset as 0
Warning: SMC: 	Applied negative offsets, overriding offset as 0
Warning: SMC: 	Applied negative offsets, overriding offset as 0
Warning: SMC: 	Applied negative offsets, overriding offset as 0
Warning: SMC: 	Applied negative offsets, overriding offset as 0
Warning: SMC: 	Applied negative offsets, overriding offset as 0
Warning: SMC: 	Applied negative offsets, overriding offset as 0
Warning: SMC: 	Applied negative offsets, overriding offset as 0
Warning: SMC: 	Applied negative offsets, overriding offset as 0
Warning: SMC: 	Applied negative offsets, overriding offset as 0
Warning: SMC: 	Applied negative offsets, overriding offset as 0
Warning: SMC: 	Applied negative offsets, overriding offset as 0
Warning: SMC: 	Applied negative offsets, overriding offset as 0
Warning: SMC: 	Applied negative offsets, overriding offset as 0
Warning: SMC: 	Applied negative offsets, overriding offset as 0
Warning: SMC: 	Applied negative offsets, overriding offset as 0
Warning: SMC: 	Applied negative offsets, overriding offset as 0
Warning: SMC: 	Applied negative offsets, overriding offset as 0
Warning: SMC: 	Applied negative offsets, overriding offset as 0
Warning: SMC: 	Applied negative offsets, overriding offset as 0
Warning: SMC: 	Applied negative offsets, overriding offset as 0
Warning: SMC: 	Applied negative offsets, overriding offset as 0
Warning: SMC: 	Applied negative offsets, overriding offset as 0
Warning: SMC: 	Applied negative offsets, overriding offset as 0
Warning: SMC: 	Applied negative offsets, overriding offset as 0
Warning: SMC: 	Applied negative offsets, overriding offset as 0
Warning: SMC: 	Applied negative offsets, overriding offset as 0
Warning: SMC: 	Applied negative offsets, overriding offset as 0
Warning: SMC: 	Applied negative offsets, overriding offset as 0
Warning: SMC: 	Applied negative offsets, overriding offset as 0
Warning: SMC: 	Applied negative offsets, overriding offset as 0
Warning: SMC: 	Applied negative offsets, overriding offset as 0
Warning: SMC: 	Applied negative offsets, overriding offset as 0
Warning: SMC: 	Applied negative offsets, overriding offset as 0
Warning: SMC: 	Applied negative offsets, overriding offset as 0
Warning: SMC: 	Applied negative offsets, overriding offset as 0
Warning: SMC: 	Applied negative offsets, overriding offset as 0
Warning: SMC: 	Applied negative offsets, overriding offset as 0
Warning: SMC: 	Applied negative offsets, overriding offset as 0
Warning: SMC: 	Applied negative offsets, overriding offset as 0
Warning: SMC: 	Applied negative offsets, overriding offset as 0
Warning: SMC: 	Applied negative offsets, overriding offset as 0
Warning: SMC: 	Applied negative offsets, overriding offset as 0
Warning: SMC: 	Applied negative offsets, overriding offset as 0
Warning: SMC: 	Applied negative offsets, overriding offset as 0
Warning: SMC: 	Applied negative offsets, overriding offset as 0
Warning: SMC: 	Applied negative offsets, overriding offset as 0
Warning: SMC: 	Applied negative offsets, overriding offset as 0
Warning: SMC: 	Applied negative offsets, overriding offset as 0
Warning: SMC: 	Applied negative offsets, overriding offset as 0
Warning: SMC: 	Applied negative offsets, overriding offset as 0
Warning: SMC: 	Applied negative offsets, overriding offset as 0
Warning: SMC: 	Applied negative offsets, overriding offset as 0
Warning: SMC: 	Applied negative offsets, overriding offset as 0
Warning: SMC: 	Applied negative offsets, overriding offset as 0
Warning: SMC: 	Applied negative offsets, overriding offset as 0
Warning: SMC: 	Applied negative offsets, overriding offset as 0
Warning: SMC: 	Applied negative offsets, overriding offset as 0
Warning: SMC: 	Applied negative offsets, overriding offset as 0
Warning: SMC: 	Applied negative offsets, overriding offset as 0
Warning: SMC: 	Applied negative offsets, overriding offset as 0
Warning: SMC: 	Applied negative offsets, overriding offset as 0
Warning: SMC: 	Applied negative offsets, overriding offset as 0
Warning: SMC: 	Applied negative offsets, overriding offset as 0
Warning: SMC: 	Applied negative offsets, overriding offset as 0
Warning: SMC: 	Applied negative offsets, overriding offset as 0
Warning: SMC: 	Applied negative offsets, overriding offset as 0
Warning: SMC: 	Applied negative offsets, overriding offset as 0
Warning: SMC: 	Applied negative offsets, overriding offset as 0
Warning: SMC: 	Applied negative offsets, overriding offset as 0
Warning: SMC: 	Applied negative offsets, overriding offset as 0
Warning: SMC: 	Applied negative offsets, overriding offset as 0
Warning: SMC: 	Applied negative offsets, overriding offset as 0
Warning: SMC: 	Applied negative offsets, overriding offset as 0
Warning: SMC: 	Applied negative offsets, overriding offset as 0
Warning: SMC: 	Applied negative offsets, overriding offset as 0
Warning: SMC: 	Applied negative offsets, overriding offset as 0
Warning: SMC: 	Applied negative offsets, overriding offset as 0
Warning: SMC: 	Applied negative offsets, overriding offset as 0
Warning: SMC: 	Applied negative offsets, overriding offset as 0
Warning: SMC: 	Applied negative offsets, overriding offset as 0
Warning: SMC: 	Applied negative offsets, overriding offset as 0
Warning: SMC: 	Applied negative offsets, overriding offset as 0
Warning: SMC: 	Applied negative offsets, overriding offset as 0
Warning: SMC: 	Applied negative offsets, overriding offset as 0
Warning: SMC: 	Applied negative offsets, overriding offset as 0
Warning: SMC: 	Applied negative offsets, overriding offset as 0
Warning: SMC: 	Applied negative offsets, overriding offset as 0
Warning: SMC: 	Applied negative offsets, overriding offset as 0
Warning: SMC: 	Applied negative offsets, overriding offset as 0
Warning: SMC: 	Applied negative offsets, overriding offset as 0
Warning: SMC: 	Applied negative offsets, overriding offset as 0
Warning: SMC: 	Applied negative offsets, overriding offset as 0
Warning: SMC: 	Applied negative offsets, overriding offset as 0
Warning: SMC: 	Applied negative offsets, overriding offset as 0
Warning: SMC: 	Applied negative offsets, overriding offset as 0
Warning: SMC: 	Applied negative offsets, overriding offset as 0
Warning: SMC: 	Applied negative offsets, overriding offset as 0
Warning: SMC: 	Applied negative offsets, overriding offset as 0
Warning: SMC: 	Applied negative offsets, overriding offset as 0
Warning: SMC: 	Applied negative offsets, overriding offset as 0
Warning: SMC: 	Applied negative offsets, overriding offset as 0
Warning: SMC: 	Applied negative offsets, overriding offset as 0
Warning: SMC: 	Applied negative offsets, overriding offset as 0
Warning: SMC: 	Applied negative offsets, overriding offset as 0
Warning: SMC: 	Applied negative offsets, overriding offset as 0
Warning: SMC: 	Applied negative offsets, overriding offset as 0
Warning: SMC: 	Applied negative offsets, overriding offset as 0
Warning: SMC: 	Applied negative offsets, overriding offset as 0
Warning: SMC: 	Applied negative offsets, overriding offset as 0
Warning: SMC: 	Applied negative offsets, overriding offset as 0
Warning: SMC: 	Applied negative offsets, overriding offset as 0
Warning: SMC: 	Applied negative offsets, overriding offset as 0
Warning: SMC: 	Applied negative offsets, overriding offset as 0
Warning: SMC: 	Applied negative offsets, overriding offset as 0
Warning: SMC: 	Applied negative offsets, overriding offset as 0
Warning: SMC: 	Applied negative offsets, overriding offset as 0
Warning: SMC: 	Applied negative offsets, overriding offset as 0
Warning: SMC: 	Applied negative offsets, overriding offset as 0
Warning: SMC: 	Applied negative offsets, overriding offset as 0
Warning: SMC: 	Applied negative offsets, overriding offset as 0
Warning: SMC: 	Applied negative offsets, overriding offset as 0
Warning: SMC: 	Applied negative offsets, overriding offset as 0
Warning: SMC: 	Applied negative offsets, overriding offset as 0
Warning: SMC: 	Applied negative offsets, overriding offset as 0
Warning: SMC: 	Applied negative offsets, overriding offset as 0
Warning: SMC: 	Applied negative offsets, overriding offset as 0
Warning: SMC: 	Applied negative offsets, overriding offset as 0
Warning: SMC: 	Applied negative offsets, overriding offset as 0
Warning: SMC: 	Applied negative offsets, overriding offset as 0
Warning: SMC: 	Applied negative offsets, overriding offset as 0
Warning: SMC: 	Applied negative offsets, overriding offset as 0
Warning: SMC: 	Applied negative offsets, overriding offset as 0
Warning: SMC: 	Applied negative offsets, overriding offset as 0
Warning: SMC: 	Applied negative offsets, overriding offset as 0
Warning: SMC: 	Applied negative offsets, overriding offset as 0
Warning: SMC: 	Applied negative offsets, overriding offset as 0
Warning: SMC: 	Applied negative offsets, overriding offset as 0
Warning: SMC: 	Applied negative offsets, overriding offset as 0
Warning: SMC: 	Applied negative offsets, overriding offset as 0
Warning: SMC: 	Applied negative offsets, overriding offset as 0
Warning: SMC: 	Applied negative offsets, overriding offset as 0
Warning: SMC: 	Applied negative offsets, overriding offset as 0
Warning: SMC: 	Applied negative offsets, overriding offset as 0
Warning: SMC: 	Applied negative offsets, overriding offset as 0
Warning: SMC: 	Applied negative offsets, overriding offset as 0
Warning: SMC: 	Applied negative offsets, overriding offset as 0
Warning: SMC: 	Applied negative offsets, overriding offset as 0
Warning: SMC: 	Applied negative offsets, overriding offset as 0
Warning: SMC: 	Applied negative offsets, overriding offset as 0
Warning: SMC: 	Applied negative offsets, overriding offset as 0
Warning: SMC: 	Applied negative offsets, overriding offset as 0
Warning: SMC: 	Applied negative offsets, overriding offset as 0
BRUNCH_STAT SEA_TIME_SMC_ANALYSIS_MS 154

=========== Start of Simple Memory Check Stats ===========
Format:	All instructions (Heap/Stack/Global)

Discovered memory instructions	22539
Discovered allocation sites	1732	(701/998/33)
Interesting allocation sites	91	(18/51/22)
Other allocation sites		215	(140/53/22)
Total Simple AS to instrument	99927
Interesting <Barrier, AllocSite> pairs	38279
Total <Barrier, AllocSite> pairs	216490
BRUNCH_STAT SMC_ALL_AS 1732
BRUNCH_STAT SMC_AS_BARRIER_INTERESTING 38279
BRUNCH_STAT SMC_AS_BARRIER_CHECKS 216490
BRUNCH_STAT SMC_AS_BARRIER_TOTAL 369036


Warning: SMC: exiting without instrumenting (--smc-analyze-only)
Warning: found 2 possible reads of undefined values
BRUNCH_STAT PTA_RSS_KB 1384036

[startup+12.3153 s]
# the end of solver process 40671 was just reported to runsolver
# cumulated CPU time of all completed processes:  user=10.9758 s, system=1.27597 s

Solver just ended.
??? end of watcher thread
Dumping a history of the last processes samples

[startup+6.40033 s]
/proc/loadavg: 0.98 1.03 1.05 2/903 40744
/proc/meminfo: memFree=108991928/131989204 swapFree=244096144/244398076
[pid=40671] ppid=40670 vsize=756624 memory=725732 CPUtime=6.39 cores=10
/proc/40671/stat : 40671 (seapp) R 40670 40671 20134 34834 25294 4194304 180759 0 0 0 572 67 0 0 20 0 1 0 374256405 774782976 181433 18446744073709551615 4194304 21443392 140735022991760 0 0 0 0 0 1098931967 0 0 0 17 10 0 0 0 0 0 21451008 21699880 48218112 140735022994089 140735022994447 140735022994447 140735022997436 0
/proc/40671/statm: 189156 181433 3382 4212 0 178133 0
Current children cumulated CPU time: 6.39 s
Current children cumulated vsize: 756624 KiB
Current children cumulated memory: 725732 KiB

[startup+9.60019 s]
/proc/loadavg: 0.98 1.03 1.05 2/903 40784
/proc/meminfo: memFree=108922340/131989204 swapFree=244096144/244398076
[pid=40671] ppid=40670 vsize=827904 memory=797012 CPUtime=9.59 cores=10
/proc/40671/stat : 40671 (seapp) R 40670 40671 20134 34834 25294 4194304 198568 0 0 0 873 86 0 0 20 0 1 0 374256405 847773696 199253 18446744073709551615 4194304 21443392 140735022991760 0 0 0 0 0 1098931967 0 0 0 17 10 0 0 0 0 0 21451008 21699880 48218112 140735022994089 140735022994447 140735022994447 140735022997436 0
/proc/40671/statm: 206976 199253 3382 4212 0 195953 0
Current children cumulated CPU time: 9.59 s
Current children cumulated vsize: 827904 KiB
Current children cumulated memory: 797012 KiB

[startup+11.2003 s]
/proc/loadavg: 0.98 1.03 1.05 2/903 40806
/proc/meminfo: memFree=108830420/131989204 swapFree=244096144/244398076
[pid=40671] ppid=40670 vsize=1360120 memory=1329436 CPUtime=11.18 cores=10
/proc/40671/stat : 40671 (seapp) R 40670 40671 20134 34834 25294 4194304 333542 0 0 0 1000 118 0 0 20 0 1 0 374256405 1392762880 332293 18446744073709551615 4194304 21443392 140735022991760 0 0 0 0 0 1098931967 0 0 0 17 10 0 0 0 0 0 21451008 21699880 48218112 140735022994089 140735022994447 140735022994447 140735022997436 0
/proc/40671/statm: 340030 332359 3382 4212 0 329007 0
Current children cumulated CPU time: 11.18 s
Current children cumulated vsize: 1360120 KiB
Current children cumulated memory: 1329436 KiB

[startup+12.0003 s]*
/proc/loadavg: 0.98 1.03 1.05 2/903 40823
/proc/meminfo: memFree=108360028/131989204 swapFree=244096144/244398076
[pid=40671] ppid=40670 vsize=1386968 memory=1356888 CPUtime=12.01 cores=10
/proc/40671/stat : 40671 (seapp) R 40670 40671 20134 34834 25294 4194304 347129 0 0 0 1079 122 0 0 20 0 1 0 374256405 1420255232 339222 18446744073709551615 4194304 21443392 140735022991760 0 0 0 0 0 1098931967 0 0 0 17 10 0 0 0 0 0 21451008 21699880 48218112 140735022994089 140735022994447 140735022994447 140735022997436 0
/proc/40671/statm: 346742 339222 3542 4212 0 335719 0
Current children cumulated CPU time: 12.01 s
Current children cumulated vsize: 1386968 KiB
Current children cumulated memory: 1356888 KiB

[startup+12.2003 s]
/proc/loadavg: 0.98 1.03 1.05 2/903 40823
/proc/meminfo: memFree=108360028/131989204 swapFree=244096144/244398076
[pid=40671] ppid=40670 vsize=1386968 memory=1356888 CPUtime=12.17 cores=10
/proc/40671/stat : 40671 (seapp) D 40670 40671 20134 34834 25294 4194304 347129 0 0 0 1095 122 0 0 20 0 1 0 374256405 1420255232 339222 18446744073709551615 4194304 21443392 140735022991760 0 0 0 2147221247 0 1098931967 1 0 0 17 10 0 0 0 0 0 21451008 21699880 48218112 140735022994089 140735022994447 140735022994447 140735022997436 0
/proc/40671/statm: 346742 339222 3542 4212 0 335719 0
Current children cumulated CPU time: 12.17 s
Current children cumulated vsize: 1386968 KiB
Current children cumulated memory: 1356888 KiB

Child status: 0
Real time (s): 12.3154
CPU time (s): 12.2517
CPU user time (s): 10.9758
CPU system time (s): 1.27597
CPU usage (%): 99.4833
Max. virtual memory (cumulated for all children) (KiB): 1404388
Max. memory (cumulated for all children) (KiB): 1371892

getrusage(RUSAGE_CHILDREN,...) data:
user time used= 10.9758
system time used= 1.27597
maximum resident set size= 1384036
integral shared memory size= 0
integral unshared data size= 0
integral unshared stack size= 0
page reclaims= 347137
page faults= 0
swaps= 0
block input operations= 0
block output operations= 3720
messages sent= 0
messages received= 0
signals received= 0
voluntary context switches= 3
involuntary context switches= 22


# summary of solver processes directly reported to runsolver:
#   pid: 40671
#   total CPU time (s): 12.2517
#   total CPU user time (s): 10.9758
#   total CPU system time (s): 1.27597

??? end of timestamper thread
runsolver used 0.197977 second user time and 0.239116 second system time

The end
BRUNCH_STAT TOTAL_TIME_SMC_MS 12359
BRUNCH_STAT ORIGINAL_BITCODE_NAME wasm-as.bc
BRUNCH_STAT ORIGINAL_BITCODE_SIZE_KB 9644
BRUNCH_STAT FINAL_BITCODE_NAME wasm-as.n.pp.bc
BRUNCH_STAT FINAL_BITCODE_SIZE_KB 1824
BRUNCH_STAT EXPERIMENT_TIME 19/02/21-23:04:16
